25-Nov-20 02:06:03 - This will get logged to a file
25-Nov-20 02:06:03 - opening symbol set
25-Nov-20 02:06:03 - opening json file
25-Nov-20 02:06:03 - load image and preprocess it
25-Nov-20 02:06:03 - Classifying image d8d75eff8658b583eeddfdfe5bdbf25da76e3f1e.png
25-Nov-20 02:06:04 - Classifying image 2c289a433c117b24de9c15aa97533bcc38814365.png
25-Nov-20 02:06:04 - Classifying image 3ed9baa1d90f3d9c2e5e34363903cc3cd044643e.png
25-Nov-20 02:06:04 - Classifying image 040e44713d961c692768373365b0688d25027d87.png
25-Nov-20 02:06:04 - Classifying image ade9baad9208edd982d62f5839a853b8bcd0618e.png
25-Nov-20 02:06:04 - Classifying image 3d03a7a8d32a227347fd57fb78026180c67bde07.png
25-Nov-20 02:06:04 - Classifying image 6a294c60e58cbad9360fe068a8ca92e6f59f4958.png
25-Nov-20 02:06:04 - Classifying image 0cab22e2ae6cd326537ee601747b703b259a6cb4.png
25-Nov-20 02:06:04 - Classifying image 85c5fcb1a78bfec9d9f49892c12e53baadf5cc5b.png
25-Nov-20 02:06:04 - Classifying image 52e5cc8e9edb328d382cf017fd8db9d23ca0cc5e.png
25-Nov-20 02:06:04 - Classifying image 3eed9a017a9fe5e6328fabb3eebb49ee62c732e0.png
25-Nov-20 02:06:05 - Classifying image e107a1ba6872653a39eeb1dfeab68998c0693e77.png
25-Nov-20 02:06:05 - Classifying image 2d3deaeb3b7aa1e0f523afb79477e3b709a7dbec.png
25-Nov-20 02:06:05 - Classifying image 076c3cfe916bd8d7d5a73a7fa2b4f9a6679fef95.png
25-Nov-20 02:06:05 - Classifying image 18560d3b6130f869255443ad6a6c0c5dc44d523d.png
25-Nov-20 02:06:05 - Classifying image 6a7a5389b737d4d31bf066c75ac77a708413b8dc.png
25-Nov-20 02:06:05 - Classifying image 49b013a3f06db23005d72efb5cac8b26efbc7d05.png
25-Nov-20 02:06:05 - Classifying image d62c7157d6b59584f7bdb6ec9948a7d2ad1ca56f.png
25-Nov-20 02:06:05 - Classifying image aebe8ef56c9b5b4e521a608eca16797a2fcf352e.png
25-Nov-20 02:06:05 - Classifying image efa04f02b50fd62fbf66b0a23e601f23550a57fa.png
25-Nov-20 02:06:05 - Classifying image fe59bf18512372601a528067633efb89edf1cc84.png
25-Nov-20 02:06:05 - Classifying image d67edced43b3edfdc99042824ff598c0f0446e70.png
25-Nov-20 02:06:06 - Classifying image 89d260b78c917a1c0bd25fa7abd07e06db5709a7.png
25-Nov-20 02:06:06 - Classifying image bab26b64304240f60b894aa7843f413ad3622a4b.png
25-Nov-20 02:06:06 - Classifying image 349f8ff20af0d33fef0c07debe34372e60a3997a.png
25-Nov-20 02:06:06 - Classifying image 623219f743696da4b9fa10ea676d2646b8973879.png
25-Nov-20 02:06:06 - Classifying image 43ed7150e2a2074a9c36fc8ac1311b1aff4c851f.png
25-Nov-20 02:06:06 - Classifying image 9652bd34e646af17a0377996a40ecc3beaf22c4b.png
25-Nov-20 02:06:06 - Classifying image c56187418330bd05cbd099bc23bd706ded87a081.png
25-Nov-20 02:06:06 - Classifying image 11671576260b9df975f6e866c5d15f54c9f66705.png
25-Nov-20 02:06:06 - Classifying image 9a063142f3e7526714bc39fb39623822cfdb5529.png
25-Nov-20 02:06:06 - Classifying image 190ce7505ed69c47ae2ea6cad0ec4e151b67a2a5.png
25-Nov-20 02:06:07 - Classifying image 588e99e23e1c59229ba23add0e525be4547d0c61.png
25-Nov-20 02:06:07 - Classifying image e8cd2a8317fbf832e640d09558aa1d01faabc4df.png
25-Nov-20 02:06:07 - Classifying image 072170cf95f96d86e846772651f0b90da538dbb3.png
25-Nov-20 02:06:07 - Classifying image a6027fde4c377550431cec8e69baf6f485adf79c.png
25-Nov-20 02:06:07 - Classifying image 983d375422e88f455f7d0fed98ebbabcaf4989db.png
25-Nov-20 02:06:07 - Classifying image ff1f44f0593661be9912bdcf443043c376f2514c.png
25-Nov-20 02:06:07 - Classifying image d9b972371cd1308d243ea251a8a0d2716e33d33b.png
25-Nov-20 02:06:07 - Classifying image 8f0a386f57ca640be0cd8c3ce91a8f57ea5c96ff.png
25-Nov-20 02:06:07 - Classifying image 4e846a95721942291662325bcdcb7ff31ceedb18.png
25-Nov-20 02:06:07 - Classifying image 9c04ee8f7821c008c146a78b59ab88942b1d85f0.png
25-Nov-20 02:06:07 - Classifying image ce469e59e65e946ccd8bec51e472133ab32cc886.png
25-Nov-20 02:06:08 - Classifying image 4d4850db3b0b11add23c9761b604e8f22591155e.png
25-Nov-20 02:06:08 - Classifying image 64fb372d4325157d019ef7f4ca85b3bd4cea86ea.png
25-Nov-20 02:06:08 - Classifying image 07295883b961688911cdd391bd5e3cf595563325.png
25-Nov-20 02:06:08 - Classifying image db6d5eceb87f085dcf6adbc6ffe8f8533693f978.png
25-Nov-20 02:06:08 - Classifying image c8479fa3e9f504cebaf14cd120e4deefd9b596a8.png
25-Nov-20 02:06:08 - Classifying image 7db13c22c5f1028a65aa5af386f0f9ea911e415a.png
25-Nov-20 02:06:08 - Classifying image f52282581493f098042811459e5bdb8d6617866b.png
25-Nov-20 02:06:08 - Classifying image 4ad0db410c5ce7a0e5e284ebdaa24598a5d23d7e.png
25-Nov-20 02:06:08 - Classifying image 6bfa72252d0a05fa4c073929d928517eebb8ec53.png
25-Nov-20 02:06:08 - Classifying image 3162b1d445ad0a398841003c142a45d322028811.png
25-Nov-20 02:06:08 - Classifying image 90aff5dff82fa0137713b360eab6bc383ab6a92f.png
25-Nov-20 02:06:09 - Classifying image 035ed6efdb30605a1791618a10b87b9d0a736c03.png
25-Nov-20 02:06:09 - Classifying image b81267483f54ca807601822de3a03430fd10cc58.png
25-Nov-20 02:06:09 - Classifying image 61c2e70809e97e7aaa89cdb823801681b042923b.png
25-Nov-20 02:06:09 - Classifying image c83230272ecf7143d51d70ce0f92062b334e9ca9.png
25-Nov-20 02:06:09 - Classifying image 560b78c192224742b428b24f4eaad154dacf8365.png
25-Nov-20 02:06:09 - Classifying image 73f9a01616dbc845584e3d6443c898607474821b.png
25-Nov-20 02:06:09 - Classifying image 646fa3b82656fc4bebf9774479d7076f962b0be3.png
25-Nov-20 02:06:09 - Classifying image 6803552ded39c1b3b924e112f75b2fc8b975d23b.png
25-Nov-20 02:06:09 - Classifying image 5fedf8b81f13b8e8d4e4925f83d2ad3c14ba0ef0.png
25-Nov-20 02:06:09 - Classifying image c223b697e4bc084b72f85fa81280ed025a8c0b6a.png
25-Nov-20 02:06:10 - Classifying image bd43384e1d4b5275404f306c565129eb6310444b.png
25-Nov-20 02:06:10 - Classifying image 9f6ed68c04f2afcfd5221395a02039ab8a1589f3.png
25-Nov-20 02:06:10 - Classifying image 3597adf49402e58f0dfed7947e11b015d1f4f427.png
25-Nov-20 02:06:10 - Classifying image d918db98e01ed45255a849986d43bfc61a947d09.png
25-Nov-20 02:06:10 - Classifying image b11f64ff1cc61cd6a5d28394b39c23e506c88af6.png
25-Nov-20 02:06:10 - Classifying image efa4ceadaab65560f4d66c202c16c534af3d3dd7.png
25-Nov-20 02:06:10 - Classifying image 677959068e05180764cb29251c591f068773167b.png
25-Nov-20 02:06:10 - Classifying image be1aad6ab81d509a78db8b00a67651ff6c48af2f.png
25-Nov-20 02:06:10 - Classifying image 6e31e41f0909be04c8feda527c6ced139c4d8492.png
25-Nov-20 02:06:10 - Classifying image fcf3326253bb481f9c248cf9e5113d8f3254faba.png
25-Nov-20 02:06:10 - Classifying image 6b55d597103233f0364904a51561b77ec812f84b.png
25-Nov-20 02:06:11 - Classifying image 85c26961b5120d9d71c179ffeefa8b3b2e83fd30.png
25-Nov-20 02:06:11 - Classifying image 7dec674d451d062fb0b18b4db33a897b5ee6d1ea.png
25-Nov-20 02:06:11 - Classifying image 824e40649b674af53ad52009a9b81427caa9cd61.png
25-Nov-20 02:06:11 - Classifying image 987b3856ac751459e1a6778bab06a2f14f8067e3.png
25-Nov-20 02:06:11 - Classifying image 17c0be511337199c06e7f39132b97a4fc6c7c10f.png
25-Nov-20 02:06:11 - Classifying image 8ce5c55da069699fb109fd45d3f8ed760935c0dd.png
25-Nov-20 02:06:11 - Classifying image fe9edfea9a494ac2f7b5c1a110c9057000d8e5f1.png
25-Nov-20 02:06:11 - Classifying image 71e60b81a827ee01b80392a71acd76e6f88e7b3a.png
25-Nov-20 02:06:11 - Classifying image e5658cb9e536ef3ec528a1824f048b734c4d908f.png
25-Nov-20 02:06:11 - Classifying image 436150b16f73783021f8a8b5c32db67251031f38.png
25-Nov-20 02:06:12 - Classifying image 67b61db3bfba29b1b5a5decc4ef4aac10efe3370.png
25-Nov-20 02:06:12 - Classifying image 0c114d2cc2385d10ddc38db12e9ad39c61d0691f.png
25-Nov-20 02:06:12 - Classifying image 6529e1ce299550490f807ea1d89104c5b751263c.png
25-Nov-20 02:06:12 - Classifying image 2babca7b3028874b62039715900b703b3325f16e.png
25-Nov-20 02:06:12 - Classifying image db80e56607fed1468157553d41e0378ecdffa5e8.png
25-Nov-20 02:06:12 - Classifying image 606857bfa486459e090d932a457ac321b91cbfc6.png
25-Nov-20 02:06:12 - Classifying image 2a495a8da6efa4f9f25b2d227e55117cc73e07d3.png
25-Nov-20 02:06:12 - Classifying image 2296acc5aea005a06c25921ec8da108932c3ee87.png
25-Nov-20 02:06:12 - Classifying image 26ed0ffafdae77f2d1b1aafbc64ad2de5b7500ed.png
25-Nov-20 02:06:12 - Classifying image c9b945717b0cb71e1d4df74f635dba87beb8eb40.png
25-Nov-20 02:06:12 - Classifying image 7306cb49d51340db56947d408f52a638a3e74551.png
25-Nov-20 02:06:13 - Classifying image ebc1df5525d91ad6950713850a0277b2c8d7fe33.png
25-Nov-20 02:06:13 - Classifying image ff2348b98032e435725fe97c801d347604c509bb.png
25-Nov-20 02:06:13 - Classifying image 74bfeba745d30b96009b65eddc64ebc8d4d108ff.png
25-Nov-20 02:06:13 - Classifying image 38d0d26ed3dc65fac9c218eb8563ff6d2d2b9441.png
25-Nov-20 02:06:13 - Classifying image e40bf44775a08a8391313e1d33ec102347406515.png
25-Nov-20 02:06:13 - Classifying image 48d5d1e3fdd12054125746bd5bd87d78795612ea.png
25-Nov-20 02:06:13 - Classifying image b6e804f1ea7bbf8d4532cc4e840ec247ebd34785.png
25-Nov-20 02:06:13 - Classifying image 42b29373bcfe74a0f671be16105cf88fdbf85cc3.png
25-Nov-20 02:06:13 - Classifying image 6ad13d589c01629dfefca9900126229596c8f256.png
25-Nov-20 02:06:13 - Classifying image b7e8da165196078e0fdf06d95b984428206443ee.png
25-Nov-20 02:06:14 - Classifying image 2b5cda6a7ab17090b170d579614a66ad6a0622b5.png
25-Nov-20 02:06:14 - Classifying image 9453f81e282d1d5c9a8041b00561b75a881670d9.png
25-Nov-20 02:06:14 - Classifying image 6eb25027781bf21d915aa344e5e406227ab21aa1.png
25-Nov-20 02:06:14 - Classifying image 25aefa8b23f55309ce198c2f0df122d66f2432b9.png
25-Nov-20 02:06:14 - Classifying image 9a54231c0ef5c1cbfcf542818dfb3e78e269a9b4.png
25-Nov-20 02:06:14 - Classifying image 12a2dcf500908314900cc15945a712901247e8ec.png
25-Nov-20 02:06:14 - Classifying image defd1d44ad67cf3d7b347e236e369219e5ca7f9e.png
25-Nov-20 02:06:14 - Classifying image cec635a644db0b13493fd7dfcbfa01ccadaa39f5.png
25-Nov-20 02:06:14 - Classifying image 21e71955ba8a9dd3a5a1f389db826b283310084a.png
25-Nov-20 02:06:14 - Classifying image 10417a01e6988bab3a3b670a1e5f2eb18c7da91e.png
25-Nov-20 02:06:14 - Classifying image dbaf478b081d4c441a09e25d683c84d874fab1c5.png
25-Nov-20 02:06:15 - Classifying image 577ecfe4d1abeccd745f663883ef77ee935f7cc6.png
25-Nov-20 02:06:15 - Classifying image e8f2cbff115f6ce714fe6fe3d94dd0d6d9a45002.png
25-Nov-20 02:06:15 - Classifying image e49f01cc91206ebebb182ad60bf0a54b9826db18.png
25-Nov-20 02:06:15 - Classifying image ca43579a52a04417ce4b7dfd733fc91f589eba86.png
25-Nov-20 02:06:15 - Classifying image d08fad1eddfc239a3efe66368fac2afaad7bfd12.png
25-Nov-20 02:06:15 - Classifying image d943ee4f6191c295cfdfbca9968339f5fb505098.png
25-Nov-20 02:06:15 - Classifying image 647e108df178afb0c610c8515a3e9c0185abc418.png
25-Nov-20 02:06:15 - Classifying image d614d1d22ca271d3d0135dcd3a1882d70af4accc.png
25-Nov-20 02:06:15 - Classifying image c0328089bb7a04976cd3907917cf632bc576afa3.png
25-Nov-20 02:06:15 - Classifying image 05c3cbcfa41bd00579f3a8701400a12f6f233cfe.png
25-Nov-20 02:06:16 - Classifying image a67eb49b658bb7ae3ae1d02a60fe18c386ceb135.png
25-Nov-20 02:06:16 - Classifying image c45d99bd8491ad71ae820abfcc55739fc5bb8005.png
25-Nov-20 02:06:16 - Classifying image 63ff9cdfa5f44ceb190b556875aab917da7cf448.png
25-Nov-20 02:06:16 - Classifying image f3fc9df5fcbe6baf198d5d9c455ec929d17af380.png
25-Nov-20 02:06:16 - Classifying image 852e823576bb72c8f60cb6a156515564279e6869.png
25-Nov-20 02:06:16 - Classifying image 05f7a403427a0a32de47198987d5fe717a727a62.png
25-Nov-20 02:06:16 - Classifying image 69e320eeef395cfce541ebe71acf6803e787db84.png
25-Nov-20 02:06:16 - Classifying image ca262445e8437a3a83bc41e9256109474af647ea.png
25-Nov-20 02:06:16 - Classifying image cf4f6e9d56dad3eac0223970b08a8a57045f9cd1.png
25-Nov-20 02:06:16 - Classifying image 833ebf29c1f0b1f1cac3193934adff5e2c26f539.png
25-Nov-20 02:06:16 - Classifying image f0851f1c6eef177ea0ea4f8b32a82e80bf61e1b7.png
25-Nov-20 02:06:17 - Classifying image 0fd97aaa8e34a671c54240d84e534865dcc0bd01.png
25-Nov-20 02:06:17 - Classifying image 1e75f4067fed1eac74c8b01eb888a9d264bfaf91.png
25-Nov-20 02:06:17 - Classifying image 75721f1dff1024fb9d14570e4e6850a162164673.png
25-Nov-20 02:06:17 - Classifying image 89989de86ee7a803d023274704b5aa1dd068d696.png
25-Nov-20 02:06:17 - Classifying image 4009fab643c34d61fd38bb406e619368a3f8ef8d.png
25-Nov-20 02:06:17 - Classifying image 886f1730c669909b8e1364ef9679496d77fd0532.png
25-Nov-20 02:06:17 - Classifying image 2d10455f4fd667bfd2cdd0abdcb183f8f7cb8824.png
25-Nov-20 02:06:17 - Classifying image aa7312668ddd75e30da982a3d02e94720d014f00.png
25-Nov-20 02:06:17 - Classifying image 3306c9dd6c8eb428c0d9e4126441e3cd4f089546.png
25-Nov-20 02:06:17 - Classifying image c50da446b8aaeed5db082f693e74222818aec591.png
25-Nov-20 02:06:18 - Classifying image 2f7c96be3d361056fbbaf2b4dfc00807f94a92d6.png
25-Nov-20 02:06:18 - Classifying image f48ee15e20fda9a5e5b0007dd6bfb993a5f4c782.png
25-Nov-20 02:06:18 - Classifying image 087b7b324c9af1cb87db78bea5aaff086adedbd3.png
25-Nov-20 02:06:18 - Classifying image 00ac1f11345be02d3752899d1b312813f6f259d3.png
25-Nov-20 02:06:18 - Classifying image 4707fb1b5e6f77d1e328f4797682c7957d728f3b.png
25-Nov-20 02:06:18 - Classifying image 60275d58cd9a874adeec5e40d18b41607355c445.png
25-Nov-20 02:06:18 - Classifying image ed0f649f972d44595410f334d968a792cb9e0f07.png
25-Nov-20 02:06:18 - Classifying image 8ca70a877d6fc6492413dcdb590f4630a8f89948.png
25-Nov-20 02:06:18 - Classifying image 8efa958be528ecc89626e0d0efda1a9d7d4dcb94.png
25-Nov-20 02:06:18 - Classifying image d13ae5135ab6efb51c3da54ad15fd58f5f7fe37f.png
25-Nov-20 02:06:18 - Classifying image 645872eb58091d59ce5edcfb6882300ed24fd68f.png
25-Nov-20 02:06:19 - Classifying image 2222c49df7dce8b266aa3af5639264403c5eb8f3.png
25-Nov-20 02:06:19 - Classifying image 914cd3c5789255ea62bb1ee5528d302b74d7e76c.png
25-Nov-20 02:06:19 - Classifying image 4686e7c6caa2f6d01e5fdcab1065cea53b35a3f9.png
25-Nov-20 02:06:19 - Classifying image 24ee154326a0af42771f7c68c8602d1560b4399d.png
25-Nov-20 02:06:19 - Classifying image 346b0ba19d39ee9a24a52b6fde23b0d06725a7f2.png
25-Nov-20 02:06:19 - Classifying image 01c735cbb9f72b7a5223286b6237782fe3153a16.png
25-Nov-20 02:06:19 - Classifying image c66134f6a7edc92a5e397ab855ef79331896f369.png
25-Nov-20 02:06:19 - Classifying image 7857674e88f04d7c49933219573daebe668e1468.png
25-Nov-20 02:06:19 - Classifying image 1a700216f16b73c6244c8abd00cc2b821c9c1300.png
25-Nov-20 02:06:19 - Classifying image ec6db79ddadca72a78faafe0d0352ee787adf665.png
25-Nov-20 02:06:20 - Classifying image b3b12fc6eadf50e118b02ac72e476585242a5d33.png
25-Nov-20 02:06:20 - Classifying image 9ad4108f81f2eea61bd545a4b8d2ee72a5faa87c.png
25-Nov-20 02:06:20 - Classifying image b14615fcdf37dc82915175a0e761ffd1bf2f1756.png
25-Nov-20 02:06:20 - Classifying image b93fd2cbcea58700d5245782e668f50d621adbf4.png
25-Nov-20 02:06:20 - Classifying image 8851465264faa8929d508429e29a11abbcc0dc06.png
25-Nov-20 02:06:20 - Classifying image 3704f322639c4eedd0e6c818f60fe587bb4c9db3.png
25-Nov-20 02:06:20 - Classifying image bba654fcde4e78c2ffd6964b75f925c6f25e6d81.png
25-Nov-20 02:06:20 - Classifying image 4b7aa26bb0a6e8238c990ffb3e72899e71eab320.png
25-Nov-20 02:06:20 - Classifying image fae29ef4407aaf1fd345ad688fb27cdd41e8360f.png
25-Nov-20 02:06:20 - Classifying image f78cc88593f868b5af3eadfc1d9f3382f3b66e03.png
25-Nov-20 02:06:20 - Classifying image fb20d0bf71272aa85a62f6d89214d9dae2b4af41.png
25-Nov-20 02:06:21 - Classifying image 69d78498011aab734a5d6afd21152c36870cde01.png
25-Nov-20 02:06:21 - Classifying image 56df372545257fe80cdb3693728820dfdc3b292f.png
25-Nov-20 02:06:21 - Classifying image d55dbb1a3116cc20fa776df526bc5b6780a53e62.png
25-Nov-20 02:06:21 - Classifying image d9f36a34edab88ef212cd87112fcdeebd72a7053.png
25-Nov-20 02:06:21 - Classifying image 3a5be41aeef0c5ede8dc9aa37a9fefefcf3fb803.png
25-Nov-20 02:06:21 - Classifying image 6e9ba867da904a94c594f86f306f679bc5afb16d.png
25-Nov-20 02:06:21 - Classifying image 0d7d7fe540d32de224efd30f4569246a5c9ceee3.png
25-Nov-20 02:06:21 - Classifying image 6a3b1202aeac3fd30d8ef7062c27509d953f1873.png
25-Nov-20 02:06:21 - Classifying image 6840dabc73df2fec4bcad0b05e6d5c537e6b3fe0.png
25-Nov-20 02:06:21 - Classifying image b8a142f02c01c9b3b03234ac99d771f559e2b2ff.png
25-Nov-20 02:06:21 - Classifying image 869accd9ba0aaff20c6090964d4d85ddb9f2dc4f.png
25-Nov-20 02:06:22 - Classifying image d7370167e2eb02e09589eb280a96d9ab9ae87cc5.png
25-Nov-20 02:06:22 - Classifying image 5db03d1c462dbcbeb1e502d115393a7a37bb71e1.png
25-Nov-20 02:06:22 - Classifying image 11f4b6b7a7084bc1d13603892b2c3ae2fd0b6f2f.png
25-Nov-20 02:06:22 - Classifying image 297f4c0b5783913ad6ff34efdde4cac149920952.png
25-Nov-20 02:06:22 - Classifying image 85c24bf1bc26c1daa71febe7670ca9a79b52ce2f.png
25-Nov-20 02:06:22 - Classifying image 71f0747ce432b11a1019db7e9bd5475cbd572ec2.png
25-Nov-20 02:06:22 - Classifying image 457f2d0061fc8c7ec478c416694a5554fbfdae3f.png
25-Nov-20 02:06:22 - Classifying image 44409ca13165ed26ff48bc1c23c82bd88a1ee4cc.png
25-Nov-20 02:06:22 - Classifying image c720f9bd9ae9e347c1a620a7db2b627c8792df37.png
25-Nov-20 02:06:22 - Classifying image 1fd7538094670b4100661c0c1e773bec514620d5.png
25-Nov-20 02:06:23 - Classifying image c28e82b373ced743f0cc5da7f68fd7e6ff820fd7.png
25-Nov-20 02:06:23 - Classifying image c66958bbe55de3a17ddefb9edb707ed4aadd3194.png
25-Nov-20 02:06:23 - Classifying image deb9dd9837adf7dd9b5c932ab38ca7864062eaef.png
25-Nov-20 02:06:23 - Classifying image a4c3f2369ec0e7344424987b9dc9ee1e7be4470a.png
25-Nov-20 02:06:23 - Classifying image 4885572fcf875db768d0f6e919c7a0e1aeab0e10.png
25-Nov-20 02:06:23 - Classifying image 607e5809de5c27a032ee10ad727c7c10b6db6b40.png
25-Nov-20 02:06:23 - Classifying image 0476eed211ee74470f3b654157440659951eee8f.png
25-Nov-20 02:06:23 - Classifying image dc39d33a51f710a6da577b60b705aca40b688bf0.png
25-Nov-20 02:06:23 - Classifying image 5cf1a954794011458144ad326fc13d942cae36c1.png
25-Nov-20 02:06:23 - Classifying image 4111c85d0420338b7466a54aeb0ef7c83969944c.png
25-Nov-20 02:06:23 - Classifying image cca1750af08547f4ea9047e8999da4fd58d03713.png
25-Nov-20 02:06:24 - Classifying image da397b1f2107e964ad36c09966afc8d392a8ea98.png
25-Nov-20 02:06:24 - Classifying image e18ea2395e34873e01b6c214c2f30270570a65fb.png
25-Nov-20 02:06:24 - Classifying image 2650eb2e6055e3beef37fa7f854d4e875aadebd7.png
25-Nov-20 02:06:24 - Classifying image 3a96b3c9191de721af9eb5013cdda5ef5c5dc7da.png
25-Nov-20 02:06:24 - Classifying image 8beb48544bb3fc655849123178059a9f4977d1b3.png
25-Nov-20 02:06:24 - Classifying image b6fd696587b94c9584bbe1fd9ebc2b35e5b3359d.png
25-Nov-20 02:06:24 - Classifying image 319e59d610d40225c2e98fcf533779e5e5a6428a.png
25-Nov-20 02:06:24 - Classifying image 434f3948a4969ed611a698ff02985b771d8509af.png
25-Nov-20 02:06:24 - Classifying image 482bd5fdeaa007a4e2d58251b77b679d16be48a6.png
25-Nov-20 02:06:24 - Classifying image 974b537b1503b4a1d6b37786426330af6ad793eb.png
25-Nov-20 02:06:25 - Classifying image 8f12ea10f98905fa0168220f698a27ddc6a76e6e.png
25-Nov-20 02:06:25 - Classifying image 0e61e188afef3c11414e2cf0b566964407a5cdf7.png
25-Nov-20 02:06:25 - Classifying image 46005bbfce5b0b1497943c1d776f1f17189dca75.png
25-Nov-20 02:06:25 - Classifying image 4c90a0334dfccf05635236629a0878f94ea4a4d7.png
25-Nov-20 02:06:25 - Classifying image cc38a25a9556f1e48a0fa586be2c987c056865de.png
25-Nov-20 02:06:25 - Classifying image 4ba9c7b2c24314f491a94e4bf738dffc89f492b7.png
25-Nov-20 02:06:25 - Classifying image 899796aed857ab67afe3be48fe84174f2a5a16b9.png
25-Nov-20 02:06:25 - Classifying image 5084abcd202977d82d1cf66dbc274eaef4269b43.png
25-Nov-20 02:06:25 - Classifying image 62077d290e3f63732ba244052a4553f40aaccfeb.png
25-Nov-20 02:06:25 - Classifying image 359efb3740c495d9aacb96773ed1e7f1b3bda4cf.png
25-Nov-20 02:06:25 - Classifying image 53e94c2b1357a2bba425d2aca95452e5f1ab3218.png
25-Nov-20 02:06:26 - Classifying image a8364463903303fafbe32df3bab6d5423b5fc089.png
25-Nov-20 02:06:26 - Classifying image 90e9481b02676be83fa342ebc3fca3b69d66d6f0.png
25-Nov-20 02:06:26 - Classifying image 2577c9fdcb20ed98d009e32c7deef49d38a04039.png
25-Nov-20 02:06:26 - Classifying image 891e2f4b8ce854883b2189e2ae60344413105012.png
25-Nov-20 02:06:26 - Classifying image 2f1c3caf9b4646f77e4f75cc6d58aa3f8a416dbc.png
25-Nov-20 02:06:26 - Classifying image a3a3de17016e732a3c32fe18c768d6279fd7827e.png
25-Nov-20 02:06:26 - Classifying image e7043eba91f294f4ef9c8b9dedcf463a6f3dc61a.png
25-Nov-20 02:06:26 - Classifying image 9259ed291ad93e07325777cc95cd53bf9116325d.png
25-Nov-20 02:06:26 - Classifying image 95bff423831da00866adc59d2a76a8f02c8529a9.png
25-Nov-20 02:06:26 - Classifying image d733568b4ca9078be644171713646385ba4c23e7.png
25-Nov-20 02:06:26 - Classifying image e4b76e323fedb72403543d7e8f22130d077d2063.png
25-Nov-20 02:06:27 - Classifying image 535896ffb80123e00a721e03424d8f22e3e53ba4.png
25-Nov-20 02:06:27 - Classifying image 4868d355b70207c48ec7a851a5d211d056d41412.png
25-Nov-20 02:06:27 - Classifying image 6aacfeb19fd39ff787f0a1c67f9a6c9ce9cc434b.png
25-Nov-20 02:06:27 - Classifying image 9eea652e9a31811d0ec1c6f948078ecf08dbc326.png
25-Nov-20 02:06:27 - Classifying image bc47dd6c784c69d5153db47bedef5f80f13a38e9.png
25-Nov-20 02:06:27 - Classifying image ddc4298acead600314a83dd81c215c51a385c939.png
25-Nov-20 02:06:27 - Classifying image 860d34cfe13c486211d661cfee280e1ead89a2b0.png
25-Nov-20 02:06:27 - Classifying image 72deddb4718bae2bf40d686f53dfa4112a667c75.png
25-Nov-20 02:06:27 - Classifying image 56db980dbeed4beff837408055ce49a564165155.png
25-Nov-20 02:06:27 - Classifying image 0b981319b5235ad1033efedebfa773a7b2646812.png
25-Nov-20 02:06:28 - Classifying image bdf9649a574973edb94fa6ed190d0be0f44119aa.png
25-Nov-20 02:06:28 - Classifying image 74d36fb8486e54b8eec7c6a2cd999f2b7481c92e.png
25-Nov-20 02:06:28 - Classifying image e75a908a8e7dbea76a2a8d06a8e440828aaa3615.png
25-Nov-20 02:06:28 - Classifying image 550fb5c2472df5f4156867e1b3abfbfcb4d05b28.png
25-Nov-20 02:06:28 - Classifying image d9f128fc39591e3272630c88a59786ea30a65716.png
25-Nov-20 02:06:28 - Classifying image d31f2f24c548e3af26e44fe786b80d2de62b6bcd.png
25-Nov-20 02:06:28 - Classifying image 4d820afa326bc34f70eb7e5629d7df79ec28da3c.png
25-Nov-20 02:06:28 - Classifying image 819599cba3699b66ff53f7c48b5c48ab760f4ea4.png
25-Nov-20 02:06:28 - Classifying image 63d50ea02e455d1e174f5bcd3458f2df6c2e44f7.png
25-Nov-20 02:06:28 - Classifying image ce469425c07e60b5d2a1ad00047c9b6d623820ce.png
25-Nov-20 02:06:28 - Classifying image ec3546027c663fc62bc5820ea2793cd4606ac6fc.png
25-Nov-20 02:06:29 - Classifying image 573fbb893b7d78b6bf75b171bacb636d71ff3838.png
25-Nov-20 02:06:29 - Classifying image 274c1e2cdd5f6e0559d36efb2de57ea9b20c9b61.png
25-Nov-20 02:06:29 - Classifying image 102656d647d4a86e689072a6642400cc6de65ec8.png
25-Nov-20 02:06:29 - Classifying image 6ca1fa37aea7999d8b38b2b7c08e15b47dd2e8ad.png
25-Nov-20 02:06:29 - Classifying image fe5054336addacb1ffe3c00db02ff82947448964.png
25-Nov-20 02:06:29 - Classifying image f0fb92462578a8bd2f7d0a1ff07a606f3859a416.png
25-Nov-20 02:06:29 - Classifying image a6ffca310f8b3def103d62de7049b3217e8052ba.png
25-Nov-20 02:06:29 - Classifying image 037d464bafd04b36fb08c55c1212435cb1de4709.png
25-Nov-20 02:06:29 - Classifying image a8d48d6763f76e2c5e77c0c5426d2b68603ae59f.png
25-Nov-20 02:06:29 - Classifying image 5d935e7657ec520a49f2b495a082d90d9cf36224.png
25-Nov-20 02:06:30 - Classifying image 55145620310946aab2bc6130d5d01eae066d4904.png
25-Nov-20 02:06:30 - Classifying image d74542d96039df8da0223122df1df9118e5890ca.png
25-Nov-20 02:06:30 - Classifying image fad6510a0a35acf2566cf468866dc9aab592d9c9.png
25-Nov-20 02:06:30 - Classifying image 37fa2f06d1888ddcb38b6b4fc3bf415c5ee78b72.png
25-Nov-20 02:06:30 - Classifying image 6214d327de7ea48d7bbb7307ddb6e6c8e65377ad.png
25-Nov-20 02:06:30 - Classifying image ec6456bedcaacb836a99620b033cfaa080c383d4.png
25-Nov-20 02:06:30 - Classifying image 4bd70f2a631cf0963e24f59d0cbddc13b2f37976.png
25-Nov-20 02:06:30 - Classifying image 96a3049fed4ace92eeb8607406b1a0740894d79e.png
25-Nov-20 02:06:30 - Classifying image 5be4b45fb81a0e32841cdaf39d7ef7be6e9f3c50.png
25-Nov-20 02:06:30 - Classifying image 852e4129098f4fa9ba0b6d491892031825d5e117.png
25-Nov-20 02:06:30 - Classifying image 2e44e901c23ac1d61a5eff344519825bb154bac5.png
25-Nov-20 02:06:31 - Classifying image eaf1b4edd339b3644e0cc8bffbd91bc40855b65b.png
25-Nov-20 02:06:31 - Classifying image 8c1db7b0a5df38d2a54741b76ad0c4c763399e50.png
25-Nov-20 02:06:31 - Classifying image f9d40e8ab3920c3dc5f7b4066640b22c7652a42f.png
25-Nov-20 02:06:31 - Classifying image 22459a8e81a4c41db5e2661971ee092e8d16c44a.png
25-Nov-20 02:06:31 - Classifying image 727b56c633f5d12b19701f32200c767793cc60b0.png
25-Nov-20 02:06:31 - Classifying image 9514f7cfb8cd917c2de8c0f0e44605bd5887e081.png
25-Nov-20 02:06:31 - Classifying image 7be8a29db1d5346fc945fdbcf98f13be144751b0.png
25-Nov-20 02:06:31 - Classifying image 04a35aca211c0fcf2689507f0f855020fec8ca25.png
25-Nov-20 02:06:31 - Classifying image 50a40ecefbe63cf36cabe97f86e8ad0445c2ced3.png
25-Nov-20 02:06:31 - Classifying image 5b1895ed7654c18ea068e373e9509daa0bffe2d3.png
25-Nov-20 02:06:32 - Classifying image 88f4783732d7c1b0fd0ce31836f8626038f83eb5.png
25-Nov-20 02:06:32 - Classifying image c7326d26f5542e4b994fffc58e57906a2a8a8d36.png
25-Nov-20 02:06:32 - Classifying image 3a6f2898d8686e42fe6b255393c808c9366c3203.png
25-Nov-20 02:06:32 - Classifying image ee3de0763afa45ab9d358360c3a5be708ef8e329.png
25-Nov-20 02:06:32 - Classifying image 44e1594dce36f6aa90af9dfa2d1c0e1900ed79cf.png
25-Nov-20 02:06:32 - Classifying image db0e5549bf0cce6ff68240bcdb643cd02d63c2ec.png
25-Nov-20 02:06:32 - Classifying image 1028c6b770851ce2017863e80762e24c02006fb5.png
25-Nov-20 02:06:32 - Classifying image 2bb839467ebfd1cf73130554d1fac22c66c3b67d.png
25-Nov-20 02:06:32 - Classifying image 0034a60f153e7ff26da058e59a28824313456e31.png
25-Nov-20 02:06:32 - Classifying image 166f2c29150a308997cef2759e81c6f31e43970e.png
25-Nov-20 02:06:33 - Classifying image 5038fe77dcbdc122980243f08944bd13927df65f.png
25-Nov-20 02:06:33 - Classifying image cc920c6c3c3e28d2a7c85a71b419c593c4f4d9c2.png
25-Nov-20 02:06:33 - Classifying image d5bd645042b68bac2023631095e0126d85d65561.png
25-Nov-20 02:06:33 - Classifying image 3fed2f9224c9644401b354b64a0294c065550850.png
25-Nov-20 02:06:33 - Classifying image b03b9918aa2d8dfdcd72031f2bf3257e7d54eee1.png
25-Nov-20 02:06:33 - Classifying image e996b93565c66f06eee499c1fb1b40acc4150dfb.png
25-Nov-20 02:06:33 - Classifying image 0961ccbb0accb59a9be223761e03a3ca29435f50.png
25-Nov-20 02:06:33 - Classifying image 9f15947c574550f1162bbcc4035ec3135161f47d.png
25-Nov-20 02:06:33 - Classifying image d73731d0f07b0760b3b7376d2c28ceb55fd97ce2.png
25-Nov-20 02:06:33 - Classifying image 0e632d3b7707f7463bcb5e8ac7dbfdec95f1f4d5.png
25-Nov-20 02:06:34 - Classifying image 2e4051ff92739319043c05629243eebad5b7bba3.png
25-Nov-20 02:06:34 - Classifying image f01a14078850c0843867bea40bbed11b75b4f798.png
25-Nov-20 02:06:34 - Classifying image 575b4db9625ccc6665156d9a899411b2e83db3df.png
25-Nov-20 02:06:34 - Classifying image a4ece7e6a9589823b169ef19ea1a749fe2e5bda3.png
25-Nov-20 02:06:34 - Classifying image f555b3fd4e957136e55c2e6a23ce7f34beaa84a1.png
25-Nov-20 02:06:34 - Classifying image 160a63faf027bddc521635db63af8592cc709376.png
25-Nov-20 02:06:34 - Classifying image e939f358fb96e3c34e93629bccacab9d73700ab8.png
25-Nov-20 02:06:34 - Classifying image 37aed8e06202937f9f8d9242955a34ca89ef764f.png
25-Nov-20 02:06:34 - Classifying image f814e776e160f9dfdacae03e1296c9b1112ba250.png
25-Nov-20 02:06:34 - Classifying image 9319dc65ec88423925cd2b6e4cd652fda49b85d0.png
25-Nov-20 02:06:34 - Classifying image 139c1c667c0a4983bf39e1b268787466ca40ce14.png
25-Nov-20 02:06:35 - Classifying image b333fc02984acdc0fb9760ff982b15c1bdf207bb.png
25-Nov-20 02:06:35 - Classifying image e0bc59e9721d7a0efad2d08f08b4b607a145600c.png
25-Nov-20 02:06:35 - Classifying image 03a24904705199473dfd103d3e5d13c31769cb9d.png
25-Nov-20 02:06:35 - Classifying image d504839d8eed36806b121e9f1c0a0daf093232b4.png
25-Nov-20 02:06:35 - Classifying image 7272aa494e4d3102fa334a652ce298f4bdb9ee70.png
25-Nov-20 02:06:35 - Classifying image d2ac2890d94054e4e77d7bef5b6fd342cda85ab7.png
25-Nov-20 02:06:35 - Classifying image 54b74927131743139e1ef11b2adb544212489d39.png
25-Nov-20 02:06:35 - Classifying image b955b4322b86b449afb175736a4b7d3624bdb6dc.png
25-Nov-20 02:06:35 - Classifying image 25365d745cfb19d6bb8f6fad93feca190125bac9.png
25-Nov-20 02:06:35 - Classifying image fdde263b58853f74bf6292bf8f0c80fa9e2f4a33.png
25-Nov-20 02:06:36 - Classifying image 2bf38a30288e886368049af5766400927fc6cfc5.png
25-Nov-20 02:06:36 - Classifying image 23e13d3880534ebc3fe122fdf1334c105c5403c4.png
25-Nov-20 02:06:36 - Classifying image 625d78595e7754fe416097b4f921baf2c913c810.png
25-Nov-20 02:06:36 - Classifying image bb4ea2e0130ac265c1445669f7d3c01c901db8c5.png
25-Nov-20 02:06:36 - Classifying image e6053b790486c1f83172630195e55c4d7a20b464.png
25-Nov-20 02:06:36 - Classifying image 83fb49822fef2d444debf536650c4b2d10025543.png
25-Nov-20 02:06:36 - Classifying image e951bd19d29e1ef3ea0bfe1ae331580f8c35b639.png
25-Nov-20 02:06:36 - Classifying image 373dd7d6e182c4f473a64a11b61ea4d599bf29e8.png
25-Nov-20 02:06:36 - Classifying image 3d186e3f650fce19d33c5ced5a983efdc3c20836.png
25-Nov-20 02:06:36 - Classifying image 21eaacd732bfaee9dfc0dcd94c6c2b4f8a2f56dd.png
25-Nov-20 02:06:37 - Classifying image a33ec0ba1fea2da669589f7b8a13667ddd8c9fba.png
25-Nov-20 02:06:37 - Classifying image 4301fceaec509769c4c12cf4bba4e9a65f3c5ac1.png
25-Nov-20 02:06:37 - Classifying image bb12180c8078657826c28c5c41fccec301b11e52.png
25-Nov-20 02:06:37 - Classifying image 055ca5879313f4664a7e541348df4153f38c68c5.png
25-Nov-20 02:06:37 - Classifying image 73c3dd229f06acba66b0535030d4710d6e4f2ac5.png
25-Nov-20 02:06:37 - Classifying image c9b2db2aef810b285949d18bf12f7bac39fd78dd.png
25-Nov-20 02:06:37 - Classifying image a42b3a192d86f9c833edee4a8815afba9d29462f.png
25-Nov-20 02:06:37 - Classifying image a8af0015df5c896603e821ab5c1ef88c30ddeda6.png
25-Nov-20 02:06:37 - Classifying image ee1a63b7527a3c3e12c9b2bd4ca5996dd8f3c988.png
25-Nov-20 02:06:37 - Classifying image 881a36d29f404aff5cf502fe5d730d7ae712b6b9.png
25-Nov-20 02:06:38 - Classifying image c2025e5a5298d2ed3693f9190a339e26480093da.png
25-Nov-20 02:06:38 - Classifying image acee6e8608fd08f950ef80b7e1cb833cdc84a464.png
25-Nov-20 02:06:38 - Classifying image afc6c53072b45893ab60ec021d025b9e0f9038f0.png
25-Nov-20 02:06:38 - Classifying image 7996208af47cc0a5b75ea39bd55395884306b414.png
25-Nov-20 02:06:38 - Classifying image e67af8545876e310366fe027fe3f1f643a693723.png
25-Nov-20 02:06:38 - Classifying image 03e84dcc19423c2b761d8407121f63a1f347ffef.png
25-Nov-20 02:06:38 - Classifying image 5e56a32582c2ba1e6e4e33ca67df24b348b52620.png
25-Nov-20 02:06:38 - Classifying image 61dc1ed6e1c3e4a5ce3acab4172b9686dcfa47b0.png
25-Nov-20 02:06:38 - Classifying image 16895f25f0b900fbdede4a66899c8cfd0b285ece.png
25-Nov-20 02:06:38 - Classifying image 22a89fce2c3a760d1bc41643a480653f08ecb23d.png
25-Nov-20 02:06:39 - Classifying image ab5f6df68bfc9da98767287ff468953b1054d9f7.png
25-Nov-20 02:06:39 - Classifying image 4a7f3b5d4a90deaabf90ec55aadc36525d0cc764.png
25-Nov-20 02:06:39 - Classifying image 029502fec3f7e188fad1233915b9e0989b0104c0.png
25-Nov-20 02:06:39 - Classifying image 3b8dcb1c343982913d962f4a39186d2f5e3afab5.png
25-Nov-20 02:06:39 - Classifying image 428896bfbe326dbb66b24c8d04ddeb509f13e13d.png
25-Nov-20 02:06:39 - Classifying image 6330a44bc54f08f529d0e282c1308613559c3b79.png
25-Nov-20 02:06:39 - Classifying image f5b866b84b489bad2aff3a2fee7842a4d9f6bddd.png
25-Nov-20 02:06:39 - Classifying image a97ef7c5de9cf0ce73bf6496ca6d10e1882a27a7.png
25-Nov-20 02:06:39 - Classifying image 41056114f3e338accd00bb1946e25ae2c91929a0.png
25-Nov-20 02:06:39 - Classifying image ac32969da258bb2bf49618b7e159c3e94405d0de.png
25-Nov-20 02:06:39 - Classifying image 618572567de08b5c0d67e211f640309488023182.png
25-Nov-20 02:06:40 - Classifying image 46161d9ed0ec15d95637f791a0acfd44c69eeebf.png
25-Nov-20 02:06:40 - Classifying image fd4c28355dc5d16a799ab2de8012500238f5384e.png
25-Nov-20 02:06:40 - Classifying image b98d231ad01b7e97de73ddf961204957868f2145.png
25-Nov-20 02:06:40 - Classifying image 798a436cd48abbc53a7a3962bca40f5513158281.png
25-Nov-20 02:06:40 - Classifying image 3a09f7fbe379e8365c946709fd588d15a51fc235.png
25-Nov-20 02:06:40 - Classifying image 6206611a3232a085087435d75a5a073c6f99a49f.png
25-Nov-20 02:06:40 - Classifying image bb738577a7aa59bd3649bdc052d9f07d3b79dd12.png
25-Nov-20 02:06:40 - Classifying image b0ba42649209e80f95c89b6b7b9d5e2e20a55fd7.png
25-Nov-20 02:06:40 - Classifying image ca90853a1f987e2284501e20c9f7dc7c94541172.png
25-Nov-20 02:06:40 - Classifying image 77ec5a80a58bab1f2811699cea6a2ce6c211dfff.png
25-Nov-20 02:06:41 - Classifying image fb6538479b8104d8f38b190d4fe3a8e0a8b0bb88.png
25-Nov-20 02:06:41 - Classifying image 9121aa96fbe98c4a9f0b04d1a0b06f20d04260b9.png
25-Nov-20 02:06:41 - Classifying image 3e8bd51cebe74eadb20762ac9c91411d5d2d67da.png
25-Nov-20 02:06:41 - Classifying image b250028c7bdedc1880ccf9f8d2af20d230d57c50.png
25-Nov-20 02:06:41 - Classifying image d5d67b3945afdb47ee0645a6c89a39bdaf453152.png
25-Nov-20 02:06:41 - Classifying image 35f3e06df107a7f1bc164ee202a657212ee92c3e.png
25-Nov-20 02:06:41 - Classifying image 60fdc9aa6f09efbeb6fdcb21047c446ebc43292d.png
25-Nov-20 02:06:41 - Classifying image e1662be5cd88aec6b9e580b08c3e0dedcc3b6de0.png
25-Nov-20 02:06:41 - Classifying image 10bf6dba9c85eed49b90b13ac44450d190b369b1.png
25-Nov-20 02:06:41 - Classifying image 3ae4bdec3b25eae82719a6c92b77fa806646890a.png
25-Nov-20 02:06:42 - Classifying image cd58aa5d45376d1650614435ee650fc923521df4.png
25-Nov-20 02:06:42 - Classifying image 1bd4eaed0f9f5cdbfd7dcc4a17be95ad1a2191b4.png
25-Nov-20 02:06:42 - Classifying image e05adf22703a3e466cb3e9ac180b04996728aae1.png
25-Nov-20 02:06:42 - Classifying image 9b354d7c2fbf2e314b4f98b5b2028791cab59453.png
25-Nov-20 02:06:42 - Classifying image f4c0a5065d0c70ee872f48f6491b76143c36926b.png
25-Nov-20 02:06:42 - Classifying image bc5a775d272e1b0b1671e03524b22ad904ed60a9.png
25-Nov-20 02:06:42 - Classifying image d32e05dc35ec3d1366f1a09f7901860b5319ef47.png
25-Nov-20 02:06:42 - Classifying image d7c9e9a944ca47e303e9cac95536823eec5afcb0.png
25-Nov-20 02:06:42 - Classifying image d8f420401d1a7393da8a490931829353e3658cf8.png
25-Nov-20 02:06:42 - Classifying image d00145ce1693477a7160ade892dcecf687b71116.png
25-Nov-20 02:06:43 - Classifying image bafd58db3e6d2e795dfbd61dd5a43804935868be.png
25-Nov-20 02:06:43 - Classifying image d68a800fadab8697d3df6bba6732ba91df4ec3bd.png
25-Nov-20 02:06:43 - Classifying image ed47119b6a448a7915af2be4802b7b32c405b8a9.png
25-Nov-20 02:06:43 - Classifying image 71b6a25262deb2d0c9eb2bac3e0768d7bca16fe4.png
25-Nov-20 02:06:43 - Classifying image 6c1933f117f8212c0cd8fd2c0bc1dc6f103b6b72.png
25-Nov-20 02:06:43 - Classifying image 435e0e85f9bb40b6017fbe1920153468134e993d.png
25-Nov-20 02:06:43 - Classifying image 890f6834d156218931d20f56b5690eacdce03c7a.png
25-Nov-20 02:06:43 - Classifying image c2a05dd3f13dbe27c694bc37fc148d63518b46e8.png
25-Nov-20 02:06:43 - Classifying image b986557228884b9d895ccce7dd47ac07d8a748ad.png
25-Nov-20 02:06:43 - Classifying image aaa1e577547ff3c305ac921d76be15dfe79d70c9.png
25-Nov-20 02:06:44 - Classifying image 2a1048a4a2e05331a4e6447b46c623e411e0dd7c.png
25-Nov-20 02:06:44 - Classifying image fdaf71272059610744d8d539d28426a0083eaae2.png
25-Nov-20 02:06:44 - Classifying image ac462906dc2d32b536d24302d0e43b6451f24da5.png
25-Nov-20 02:06:44 - Classifying image d185774eb8263d34c6bb20d96c572969a7fb073e.png
25-Nov-20 02:06:44 - Classifying image 28acce8e6a1cba8407cfd55e328a8d2c0696d33a.png
25-Nov-20 02:06:44 - Classifying image 5ae73932aae4fda322cb5443318216ef5b50b57c.png
25-Nov-20 02:06:44 - Classifying image 0126d9d5757f05789543b8b0c2c0acffb4ff0b91.png
25-Nov-20 02:06:44 - Classifying image 6d42e58260ad840074790b41360b9db04b4528df.png
25-Nov-20 02:06:44 - Classifying image ed9e7e259323867de47265d68ded6a0d5577272a.png
25-Nov-20 02:06:44 - Classifying image 8304f06ff6abc89c84f09c8bf57fe9a2357c84cb.png
25-Nov-20 02:06:45 - Classifying image 6297efd16f427a55586954b5680dd8f86901cb63.png
25-Nov-20 02:06:45 - Classifying image f8860c14e3b11655c69050e5020d0f6801cd3abe.png
25-Nov-20 02:06:45 - Classifying image 2d05a57d778efcbabc17850be4de842cacc562dd.png
25-Nov-20 02:06:45 - Classifying image cb7527b188a15ad0979752805fd949ab51d08f57.png
25-Nov-20 02:06:45 - Classifying image 3838a686837c264b926f42e799a55d13eaf1c4a6.png
25-Nov-20 02:06:45 - Classifying image 9c0c27552dabe8c1d2906ba19bfce1f0700df78d.png
25-Nov-20 02:06:45 - Classifying image 06bed16d204458623058336234f44343bf837927.png
25-Nov-20 02:06:45 - Classifying image a04fb6a7584c0af5a61d0a993b5f5a314dff985a.png
25-Nov-20 02:06:45 - Classifying image 85ec13d1cd84d22712be7dc4a7c8e9714a9a82be.png
25-Nov-20 02:06:45 - Classifying image ff0f03270584106a0516e31e43a216e86ff0be2c.png
25-Nov-20 02:06:46 - Classifying image 1e53e7c81bc46e37050153a0f3569ee84129907b.png
25-Nov-20 02:06:46 - Classifying image 90b66d591f0df6d05b435c03297b914f2ba46ebe.png
25-Nov-20 02:06:46 - Classifying image 5897e184c6a9f446761f21ea2cc35dee4ebfaf24.png
25-Nov-20 02:06:46 - Classifying image a6aa357d6649c5b48a67aad9c3195d34ba872fde.png
25-Nov-20 02:06:46 - Classifying image 07dc6efb959b1b4f1ae429724fb5a0e79e9e6f72.png
25-Nov-20 02:06:46 - Classifying image 6ea102b96bba3180105d9bbc8d871a48fd9d60c0.png
25-Nov-20 02:06:46 - Classifying image 0a788e3636671f704b49b3d862f9eab4d6cfaf4a.png
25-Nov-20 02:06:46 - Classifying image d5776185a0959132bebeb8f25c5add8c292648c6.png
25-Nov-20 02:06:46 - Classifying image 70c868869bc9fe679f63cd81bb95708c790e1464.png
25-Nov-20 02:06:46 - Classifying image 309a1b99a376921e32ba456270a05e3760dbcdf7.png
25-Nov-20 02:06:46 - Classifying image 16a1c02006f471b352c0972073fba49b321ff718.png
25-Nov-20 02:06:47 - Classifying image 5624657b8f3db98d9b73622596667ed894f778c8.png
25-Nov-20 02:06:47 - Classifying image 474db4b0a074825e77763251393d5c1df98ce721.png
25-Nov-20 02:06:47 - Classifying image 12895eef2913188799f12016dd0a4ebc71bae8b3.png
25-Nov-20 02:06:47 - Classifying image 85e6dbaf619465fd338ed4daf014c5c8364dacef.png
25-Nov-20 02:06:47 - Classifying image 8e6fc45208096c872caad8913bf62b87c8987bea.png
25-Nov-20 02:06:47 - Classifying image 30eb34bae2a30a23bfc257b19053c0b38b16cf76.png
25-Nov-20 02:06:47 - Classifying image 9678c505c717c5f280fe1b5613f85bb4960d844f.png
25-Nov-20 02:06:47 - Classifying image a865d5383a68eaa53c5c00ced20032e83130d429.png
25-Nov-20 02:06:47 - Classifying image 94cf9c23695eeba63903dbad07d15257c0ac1514.png
25-Nov-20 02:06:47 - Classifying image 810314020599269a212b33ad81cc41a32c4fe59f.png
25-Nov-20 02:06:48 - Classifying image ca8f812337362ac4cdd3a071ab15aba772193c14.png
25-Nov-20 02:06:48 - Classifying image 57f8835464774a2f88c51d45570a4e252cd6e140.png
25-Nov-20 02:06:48 - Classifying image 9489bdac3c19d7f35353a92bfd7ebaddb4a94edc.png
25-Nov-20 02:06:48 - Classifying image 73180602923a0ae71a52a38cfc248bf9e30d7495.png
25-Nov-20 02:06:48 - Classifying image 269ee33fb51a4cddccf83227913a368ff3d10bdc.png
25-Nov-20 02:06:48 - Classifying image 55f8413ff6bf6e8d1a521bcb92c6fb9226358bba.png
25-Nov-20 02:06:48 - Classifying image e3a4e8561f06a91e3c54fa6c0f54ebf731531f94.png
25-Nov-20 02:06:48 - Classifying image 0fd378f8298a560cc4a35e50900cb2e62746dbd8.png
25-Nov-20 02:06:48 - Classifying image a6418aed0231105f0c3feca040317e2918ede5eb.png
25-Nov-20 02:06:48 - Classifying image daf8f007f8fc0556adf1b2b9fd32fd7d2a64203a.png
25-Nov-20 02:06:49 - Classifying image 49b339fc0703ad9df40b13fc06a5e28ffdf95591.png
25-Nov-20 02:06:49 - Classifying image 63c8301aaa32a28a101f66dc168d11f7cca0c1c1.png
25-Nov-20 02:06:49 - Classifying image 9b867e2cfc9c2f392a56e88ce59286d0550dd96f.png
25-Nov-20 02:06:49 - Classifying image 161d5f8ad466f1a0e06928a6cde6217d88160f69.png
25-Nov-20 02:06:49 - Classifying image 81ff187717c5c6e7f44426e0000dd2f56f9a44e7.png
25-Nov-20 02:06:49 - Classifying image b3bf3649f5863d6741cc131731069936f15673b6.png
25-Nov-20 02:06:49 - Classifying image 453e7c51f9551b877a76b83b9b47271ece411981.png
25-Nov-20 02:06:49 - Classifying image 27c8e8aa8b2136c66bc2a41dd4c48e7030258c25.png
25-Nov-20 02:06:49 - Classifying image 40794eb3e328537dba70e873772dc19fab69c8a6.png
25-Nov-20 02:06:49 - Classifying image 227e0d57fc0ede4e392ffe5371b3fb408b9919bc.png
25-Nov-20 02:06:50 - Classifying image a637597daa45776bf2e8a97c7cfbf3a95b155ed2.png
25-Nov-20 02:06:50 - Classifying image abf5e6d0b486f178d0a3eb9162304c08b73cc645.png
25-Nov-20 02:06:50 - Classifying image 9b11fc1a9e7a29bb27a76209454ff87edb0606c6.png
25-Nov-20 02:06:50 - Classifying image 5cda48469a2bd5266d6c26efe891966acba9083e.png
25-Nov-20 02:06:50 - Classifying image 9263fd4deff0fd2e2ebb138300c3beb8a08dcc09.png
25-Nov-20 02:06:50 - Classifying image d81405a3a32c3937a70fdd34cb546424604a359c.png
25-Nov-20 02:06:50 - Classifying image 5391bc7695c75945a5f11412bd966f5044add1de.png
25-Nov-20 02:06:50 - Classifying image 292ed2ebe6cfedfeb47e8682e6af739c49216db6.png
25-Nov-20 02:06:50 - Classifying image 4a5e68c9683d598fda6e3eb3860cc383d6289709.png
25-Nov-20 02:06:50 - Classifying image eb5a6a6ed0dbb642513d34072674487e509d34c6.png
25-Nov-20 02:06:51 - Classifying image f50dbf975b27e65ab3baa4083f4c3dad94441b38.png
25-Nov-20 02:06:51 - Classifying image 201a485b7d185f1d00e1190633fae0feb0f86b0e.png
25-Nov-20 02:06:51 - Classifying image 193ed885f1524dc324d70f681fece99c6b5eb33a.png
25-Nov-20 02:06:51 - Classifying image f40f707aae12693b03b12e9c6f10e4d0455b0110.png
25-Nov-20 02:06:51 - Classifying image 51529e9fc81f634caa7739e7f3efaa9a6cd30dc7.png
25-Nov-20 02:06:51 - Classifying image fde11ac33f930d48d4d533d65833b58041957222.png
25-Nov-20 02:06:51 - Classifying image cc450651d6438440054b82adcaea9e830718299f.png
25-Nov-20 02:06:51 - Classifying image 555069551b71ae0882bfd62b596a084e95341cfe.png
25-Nov-20 02:06:51 - Classifying image 192c535b7f83087d905989691e69aa0189b00ac5.png
25-Nov-20 02:06:51 - Classifying image e2b2f8a255350ff0255002a5208e92a7a15440c1.png
25-Nov-20 02:06:51 - Classifying image ef4d773c268542e9d2cab254090adea02efc8141.png
25-Nov-20 02:06:52 - Classifying image 145aa19fdabcd521800ce70105259cb1cc580e68.png
25-Nov-20 02:06:52 - Classifying image 1ccd1a31bfa74505c778b552c5768b72fb753870.png
25-Nov-20 02:06:52 - Classifying image 9a3e0e084b48eebce7cb53c5d8dd0491b3c1bf41.png
25-Nov-20 02:06:52 - Classifying image 8b2bf5635f9988f0a84c0c3df81b30abb17710da.png
25-Nov-20 02:06:52 - Classifying image 104fdbfc02ee06f7d3f4b71307175cedc532f007.png
25-Nov-20 02:06:52 - Classifying image e04d5c3bf0efbc924405f2186de705340ff2ed12.png
25-Nov-20 02:06:52 - Classifying image be9bb195cc1a8d93d41295893a36f368c5eb2643.png
25-Nov-20 02:06:52 - Classifying image 045e1ecd4568ea85fb06fcb4c7b36dde295a33c5.png
25-Nov-20 02:06:52 - Classifying image fdc15543ccfb9ea711c4c2cbc58c56938a29fd98.png
25-Nov-20 02:06:52 - Classifying image 716076d9d772f0576a937a2b12457a135795f447.png
25-Nov-20 02:06:53 - Classifying image be4cdef1f8f4ea5d73411ce1b8910c055e28d3be.png
25-Nov-20 02:06:53 - Classifying image 6be1d3ce82a121874222d90224b6a1e4f341db54.png
25-Nov-20 02:06:53 - Classifying image 25a8c68a6ddc98a7ad3d65b4ee948676bcf4639a.png
25-Nov-20 02:06:53 - Classifying image 130ae087e99e3e92198bc599ea19196ce69570e0.png
25-Nov-20 02:06:53 - Classifying image 4fc426a345001845db4b795518a2143d1bb9d056.png
25-Nov-20 02:06:53 - Classifying image 4c51c30a1d20b362c3601b69fcbdcdc518e20943.png
25-Nov-20 02:06:53 - Classifying image 3ae27acd45a965917cecb6773174d3d64444eb84.png
25-Nov-20 02:06:53 - Classifying image ee98f2ee644b32edee90c9cc81feee0a4dcd939a.png
25-Nov-20 02:06:53 - Classifying image 9d79fd73ae0da26da8859b2d7d3a02341d925038.png
25-Nov-20 02:06:53 - Classifying image 85fa132521869c26d840f2fdd4e76b6952dd9562.png
25-Nov-20 02:06:54 - Classifying image 2f22adc1180d53503ca8c98b24ec5ca37ec36f6d.png
25-Nov-20 02:06:54 - Classifying image c8191a71bb5865d9d1dbd3e815f2bf16d0ced09a.png
25-Nov-20 02:06:54 - Classifying image 05051f5600ad37d873351ebbf1d47de1ebddb280.png
25-Nov-20 02:06:54 - Classifying image e3020accaf714bbe973a9578df773ca132606268.png
25-Nov-20 02:06:54 - Classifying image 8d514e5895677b6a266815574345326810a44ae6.png
25-Nov-20 02:06:54 - Classifying image 4f0b8a0b77a77a8fc9cb4fd5b4549f8f89ff1f1d.png
25-Nov-20 02:06:54 - Classifying image 669713af40cc06b95dc8a2fcb4f53f363a34bb2f.png
25-Nov-20 02:06:54 - Classifying image 9bd7608bd37ded2e80bf873bc956248dc4fad467.png
25-Nov-20 02:06:54 - Classifying image 31c9b36710e76097da6b1577c541cccfc39102ac.png
25-Nov-20 02:06:54 - Classifying image cba8f7175f064bf93ddb4e32958d2dc7057d3b65.png
25-Nov-20 02:06:55 - Classifying image a87310f290785cf9eed0ca39b2b311892956a05e.png
25-Nov-20 02:06:55 - Classifying image 3b56a56506732725d1adb971db59d6b980f3b99b.png
25-Nov-20 02:06:55 - Classifying image 15812bd604da15dbed0b61f011658e2a9d4a66ac.png
25-Nov-20 02:06:55 - Classifying image 13367adc780a7ceffee2805d018ceb963f9f1001.png
25-Nov-20 02:06:55 - Classifying image d0bab9912b54aa0b8a371b1c67ad45dac751cdf0.png
25-Nov-20 02:06:55 - Classifying image 2b8b733d0f254823c9ef84c2d41854d787bfd535.png
25-Nov-20 02:06:55 - Classifying image 57ce9039c398b5af25be747b49e2cd75a3852aab.png
25-Nov-20 02:06:55 - Classifying image 33c4460d61252c24513ef6c03ec4f2d99278f0b9.png
25-Nov-20 02:06:55 - Classifying image 4fb400b7ea7e5ac795e24f6ed901a6d8f50587f0.png
25-Nov-20 02:06:55 - Classifying image 4c5856d6b8765e20f3b8a061070f098226871d7f.png
25-Nov-20 02:06:55 - Classifying image d45a6669e45cb020454468ee02a2e55c578eb41a.png
25-Nov-20 02:06:56 - Classifying image 4f84210fa3ac0a78c3cd3c14a44fa984e932598f.png
25-Nov-20 02:06:56 - Classifying image 05642f4ed8ea62fb2ff9c02a48cf5f74ebe38ec4.png
25-Nov-20 02:06:56 - Classifying image c58944b51a358a8f476667eb8a09380bcf158b1d.png
25-Nov-20 02:06:56 - Classifying image c1ed744b66d45a064dae3fed5e75e167d159c1bd.png
25-Nov-20 02:06:56 - Classifying image 7da1567df235f885cb792a0c078aa2b8444aa5d8.png
25-Nov-20 02:06:56 - Classifying image 0499e53537ff6841d6f6f1bffbb036ed69970ff4.png
25-Nov-20 02:06:56 - Classifying image dfdeb1160776b0de025a26c4e0bb6a72fb0ed966.png
25-Nov-20 02:06:56 - Classifying image 968d7363828f9a6e50c66656d7237fe92b0bbcf3.png
25-Nov-20 02:06:56 - Classifying image 38dbc30c270be5d14d07e1b850b2de7538304de6.png
25-Nov-20 02:06:56 - Classifying image 7d8b9e3eb9829ae4e70aee502aba77b9fb537f23.png
25-Nov-20 02:06:57 - Classifying image ff79d6347599b6888305b8c6d9d6812f16f19a05.png
25-Nov-20 02:06:57 - Classifying image 4f3dd9fed84ea08f209858b311b13071c730abc1.png
25-Nov-20 02:06:57 - Classifying image 494962a56be74fbb46c47f6eb2d87f7ddbc255ea.png
25-Nov-20 02:06:57 - Classifying image 9833f4f87fca7025fb63f8532999dadb1b6db6b6.png
25-Nov-20 02:06:57 - Classifying image 4434cef008157651f1a4a72039e8eb4ca397acc8.png
25-Nov-20 02:06:57 - Classifying image f5a095c60d552e7639ad987bfd16326369ebdc0b.png
25-Nov-20 02:06:57 - Classifying image ec00b9655d5e0725649fe194c39c8100b7000eff.png
25-Nov-20 02:06:57 - Classifying image 15a808743b10ffd49d9272c043b214986be0c3a8.png
25-Nov-20 02:06:57 - Classifying image c3c25c298ab3dd5de6cbdcfe110c365d160315c4.png
25-Nov-20 02:06:57 - Classifying image a65d4170c0e7ba15f522e0605062acce54f95a4c.png
25-Nov-20 02:06:58 - Classifying image 30d79ae88d6dac5a289e92ff6051fffbdacc0814.png
25-Nov-20 02:06:58 - Classifying image ef55303a0b9aaa9652159077b105674489b11b3c.png
25-Nov-20 02:06:58 - Classifying image 22a367ff80bad2df54bd08e35d41e9727a78608c.png
25-Nov-20 02:06:58 - Classifying image ef03ad892eeea5e701b1b45271e6f1e9060b227e.png
25-Nov-20 02:06:58 - Classifying image 0800593f1539a09ca1a8db41ac8226dcddbde695.png
25-Nov-20 02:06:58 - Classifying image 113680d6da8a2bb05fc967034c8966105ef5d37a.png
25-Nov-20 02:06:58 - Classifying image 223af76375319983c05661a4ef0d429056e10f6d.png
25-Nov-20 02:06:58 - Classifying image 91fa479d9388d32506c0d6a31e7a11df966de97b.png
25-Nov-20 02:06:58 - Classifying image cd6ac44e87d4383618ffae9057031b41b01b0548.png
25-Nov-20 02:06:58 - Classifying image ddc975cd4e4788c9cdc05d6a9c58bd72c3e1da86.png
25-Nov-20 02:06:59 - Classifying image 82d90da80f08740bdb59623827bbd993370c7528.png
25-Nov-20 02:06:59 - Classifying image 77923b302d54fe3ec4a8b6c8c4e25d62c6fe657b.png
25-Nov-20 02:06:59 - Classifying image e2bd60f941cc783e375bd7980f710f5cf2bd8bc7.png
25-Nov-20 02:06:59 - Classifying image cb468128a9f1fa8af371198514cfe3cfaeb81e54.png
25-Nov-20 02:06:59 - Classifying image 4e29f2818b6925c1b69c932593c242699e66d373.png
25-Nov-20 02:06:59 - Classifying image 2e41b0c61e8b3491808f7486c82b82d438fa159f.png
25-Nov-20 02:06:59 - Classifying image 8a97e4b6de35796145ac1f48d9421157f85f4275.png
25-Nov-20 02:06:59 - Classifying image 8c3146f6b772016003e6fbfa3474fdc0408ff6d3.png
25-Nov-20 02:06:59 - Classifying image 49188a0171ff21c5eaf5929eed035f2b322d7494.png
25-Nov-20 02:06:59 - Classifying image 600147955d884417ff63fbc5de63757bce7f2b89.png
25-Nov-20 02:07:00 - Classifying image 171ab5270041a998d0e9ec6fbdb3a2b1c18e4647.png
25-Nov-20 02:07:00 - Classifying image 7de09ab5cf0f834fb63d55952200e61bcb8fd82b.png
25-Nov-20 02:07:00 - Classifying image 2405855c780f435a7fcfe961912a281730f0a351.png
25-Nov-20 02:07:00 - Classifying image 9630e3fe4afebc8ef9fdbfd95a64d61beeb19238.png
25-Nov-20 02:07:00 - Classifying image 4dbebe25361564907d24db38c43cf1741ea91ccd.png
25-Nov-20 02:07:00 - Classifying image 8b34761d57aed1fd15b422b3ed60145a893a9b6a.png
25-Nov-20 02:07:00 - Classifying image 11b6d740d6d74f5417b433f42fd9d0c94a3d1f34.png
25-Nov-20 02:07:00 - Classifying image 859e0a8b818756e5805675492d60b8bcadd4412c.png
25-Nov-20 02:07:00 - Classifying image 9b844c057952bd4a258d441c4e2c63ae2d5aedbd.png
25-Nov-20 02:07:00 - Classifying image 90e60860fbebaaba68ac0702f7d8e82bd74252be.png
25-Nov-20 02:07:01 - Classifying image 6e2c203d385a0ac1a76d8b7f3e69eee06c58baf4.png
25-Nov-20 02:07:01 - Classifying image c88ef540a935ace1720aa3949a53176ce4ece8e0.png
25-Nov-20 02:07:01 - Classifying image 59d7aea85cb444b1353031a8cc1321ea47bf2333.png
25-Nov-20 02:07:01 - Classifying image 18b094b72ff09a1cb0a9d09f531adfb95577952e.png
25-Nov-20 02:07:01 - Classifying image 55038c7559742371b94d15bd4b7cda690a7a6fa6.png
25-Nov-20 02:07:01 - Classifying image b4b19dab6ba16915ca4d1be25cd776e233e1297b.png
25-Nov-20 02:07:01 - Classifying image ff0968b0ab49c57865d94144758c1d4be3ce180c.png
25-Nov-20 02:07:01 - Classifying image 0ce2a647c1e05e06066d02bd372f385c95d16a91.png
25-Nov-20 02:07:01 - Classifying image 9bd63d119a0dd817704063403b837758ce8e0942.png
25-Nov-20 02:07:01 - Classifying image ef3dae3d774c5c71d03cb030e9243b3ef17916f8.png
25-Nov-20 02:07:01 - Classifying image 8ff551287ebad2107474c748f97cf0123d7c19d1.png
25-Nov-20 02:07:02 - Classifying image 49eca7795a3e257c8ffe1727853fc0f4b85eb867.png
25-Nov-20 02:07:02 - Classifying image fcd7ed0b2ef27966e6550c2554f5cb8e767b1948.png
25-Nov-20 02:07:02 - Classifying image 4e36dc5a924e306dd680e7800225b085996e6da4.png
25-Nov-20 02:07:02 - Classifying image 64026877919aa78578f196300af916d6dda37359.png
25-Nov-20 02:07:02 - Classifying image a7378af4c74e45d33b52b9b9e7756e1f9e6ec7d4.png
25-Nov-20 02:07:02 - Classifying image b74adf676fb90ba241516a350b0f2064b528f685.png
25-Nov-20 02:07:02 - Classifying image 9583f401972a5d38340deea154513e1270e7f10f.png
25-Nov-20 02:07:02 - Classifying image 368577b9532f788aa6799bc18efcb7032ef3e6c6.png
25-Nov-20 02:07:02 - Classifying image 88ef572ec70daed5237dcb28a6a4201236ce6342.png
25-Nov-20 02:07:02 - Classifying image 59af04a43e36e58697b5f851f3b455ec045944f4.png
25-Nov-20 02:07:03 - Classifying image a93993d9e5448c268fed3cec1167f03396298c0b.png
25-Nov-20 02:07:03 - Classifying image 44ff99ef2857c25f6c16525316372730418877d2.png
25-Nov-20 02:07:03 - Classifying image 9e7c332114131782f93edb2746b87630827c8231.png
25-Nov-20 02:07:03 - Classifying image 6c5e1c1c55b8c6f587db8b0759bd889eb42b7c80.png
25-Nov-20 02:07:03 - Classifying image 132f4ff96a198d0c8bbb0cb9c1e135f4586f8f6b.png
25-Nov-20 02:07:03 - Classifying image 67a4bf20fd957efd52d7850e787c5f3e04a2d4b3.png
25-Nov-20 02:07:03 - Classifying image dc7834d0c67fff088ed45caefba5a72bc1862791.png
25-Nov-20 02:07:03 - Classifying image 24000bc5d17a3aec9fb715b11b33d1210ec2f86a.png
25-Nov-20 02:07:03 - Classifying image 8b77529b003d0eb48e0ddc93e6408a82e67cefea.png
25-Nov-20 02:07:03 - Classifying image 35954597d38f10f046692c31db3a739e98596621.png
25-Nov-20 02:07:04 - Classifying image 95f30feb21530668abc217ea2846e758a3ed4df1.png
25-Nov-20 02:07:04 - Classifying image 3e8173aca86ef01c7122ccba0d5f2233f9d1ca65.png
25-Nov-20 02:07:04 - Classifying image b4a3d679af9081e29658cb923e080427bf16e7b0.png
25-Nov-20 02:07:04 - Classifying image 8f30853284b889cd2450c86161b312c96761f9f2.png
25-Nov-20 02:07:04 - Classifying image cb2a41fe626219a0dc9c8f1232e4471c0ae1787b.png
25-Nov-20 02:07:04 - Classifying image d6a487c05f8f6196e9e76f62d504a561cc03f77b.png
25-Nov-20 02:07:04 - Classifying image 89a387c8ae379ff1fdab55ba522ef2951175f142.png
25-Nov-20 02:07:04 - Classifying image 16f2abdc5b56a39d4c6e9da033b2717adbb8469d.png
25-Nov-20 02:07:04 - Classifying image c357a5bb66409bc97b79c8252422bdceab45ff8b.png
25-Nov-20 02:07:04 - Classifying image f50754aca9ada1b2ef31e45860b3a6bd151c143d.png
25-Nov-20 02:07:05 - Classifying image ba336df93faae1f228efe1b0e2f8bcadc6f65727.png
25-Nov-20 02:07:05 - Classifying image df923fc5497bb3bde8e5be9c2cbacd21c80f3019.png
25-Nov-20 02:07:05 - Classifying image 0d6b35dc40cdd36830a1f3e51bb20f5411c599ef.png
25-Nov-20 02:07:05 - Classifying image 521c3681da17361621acf0764eaaed9f87f44353.png
25-Nov-20 02:07:05 - Classifying image b2ba0d9835c9cfed984df723286db71618655b5f.png
25-Nov-20 02:07:05 - Classifying image 331d698048ab22cc88383a8cf0b83892e477afe2.png
25-Nov-20 02:07:05 - Classifying image 161fd0f136af4eb9b9e02e4f24f93cbecb5a1e8e.png
25-Nov-20 02:07:05 - Classifying image 3d24a6753d79a2f7c7cf76ed81fb06051e789b24.png
25-Nov-20 02:07:05 - Classifying image 843d8ef440be8ac0d5777001a0cd3c325f706cd4.png
25-Nov-20 02:07:05 - Classifying image 111bada91717994bf3c405abdd60d1e5b6d99f78.png
25-Nov-20 02:07:06 - Classifying image d29acbeffb2579f0a903ae0c9addca1c6c474d58.png
25-Nov-20 02:07:06 - Classifying image 6d7533559308ab762436e9686830ae287c204c17.png
25-Nov-20 02:07:06 - Classifying image 0ea9c3cd50f8885d01a8fa6493393123c775a179.png
25-Nov-20 02:07:06 - Classifying image dd5d58cddf499855f2edfa5fb77557c30b519430.png
25-Nov-20 02:07:06 - Classifying image e31fb5a82f3a789d443e611da480abb2d8fc5149.png
25-Nov-20 02:07:06 - Classifying image e1540a1b3a6ed548651dd5cda5a3f7e30f562557.png
25-Nov-20 02:07:06 - Classifying image 077936c395ecd5479d28ba1fa68d694b50218eaf.png
25-Nov-20 02:07:06 - Classifying image 01ff64d80b9d1014876c27baca7c974de51053f0.png
25-Nov-20 02:07:06 - Classifying image 3c81b39aeec133c5593a2f2fd56f98bc4af8db20.png
25-Nov-20 02:07:06 - Classifying image 4ea0cfaf0ed2c6349f9fa69191a4fb95bae11b84.png
25-Nov-20 02:07:06 - Classifying image 402abef4e5531b46a1b9c57124a356fcfe8e39df.png
25-Nov-20 02:07:07 - Classifying image 487fa376246cd87f6adec21a43911b51e57dc88d.png
25-Nov-20 02:07:07 - Classifying image 7773a6f718cf4f3be02056a08cff3794e4b0398a.png
25-Nov-20 02:07:07 - Classifying image 2577ac1ae4d1043a840f3d637f646c1e25f61e60.png
25-Nov-20 02:07:07 - Classifying image cf91ecd7a8e17d01ee12c2e36f413204b8380f5a.png
25-Nov-20 02:07:07 - Classifying image c3cd9d411bd187e94259323eee58d43955bcfb61.png
25-Nov-20 02:07:07 - Classifying image 89cc862a28fe8422a751cb278f8a3247f3a8d6f4.png
25-Nov-20 02:07:07 - Classifying image 80c08f1e1e74d3806d051afa392770daad61c037.png
25-Nov-20 02:07:07 - Classifying image 4533cd944796740dbd4479488e5e1212b1c24415.png
25-Nov-20 02:07:07 - Classifying image ef77587861d1f87ed7a0c4a898890f5d72c2ed55.png
25-Nov-20 02:07:07 - Classifying image 0540c1921f3aa1077c53673bc4d9208c586c14d4.png
25-Nov-20 02:07:08 - Classifying image 24f244de610e945bf63f4994ac7e4481c65a467b.png
25-Nov-20 02:07:08 - Classifying image 7cc35d3b9838378e3f10239d4192264fbee39db2.png
25-Nov-20 02:07:08 - Classifying image fc95cf7a2079c285103ddc209a386b245e4ee11d.png
25-Nov-20 02:07:08 - Classifying image 1a2eca515b57e636d6b81a6b432ce036bdc7b2a5.png
25-Nov-20 02:07:08 - Classifying image b8ae764496257d6fcbd9173ba3b8aa0f91dad83c.png
25-Nov-20 02:07:08 - Classifying image 01afb22b684c56cdcde5a30e586bbd3f0aaabf5a.png
25-Nov-20 02:07:08 - Classifying image 4ae4231d32d31831ecf6d10742b31039e0123274.png
25-Nov-20 02:07:08 - Classifying image 4e9edb450aa31e57d314690e931d44316236dad8.png
25-Nov-20 02:07:08 - Classifying image 82fc82445b3d9c259da38f63a12ba058325314a9.png
25-Nov-20 02:07:08 - Classifying image 41bd81bb1906bea85037e4150a1f92ac9630d42f.png
25-Nov-20 02:07:09 - Classifying image 49c8340a2e2e537b88ccc6e9f9989489b3434bf7.png
25-Nov-20 02:07:09 - Classifying image d74cc15b30a8f474ecf981b8383c56bff146c871.png
25-Nov-20 02:07:09 - Classifying image 33e095d63baf413097f6ec8b62a7fe81b4d10dc1.png
25-Nov-20 02:07:09 - Classifying image 46398187704fcff58d26d9a4a817fffcf1abce22.png
25-Nov-20 02:07:09 - Classifying image 91bd780e27cea3e9114adc00d23d34491c196865.png
25-Nov-20 02:07:09 - Classifying image 7d141bf8a60326a24dae109a8ad1a00576a2e5d2.png
25-Nov-20 02:07:09 - Classifying image 0f828640e0b71db62c929f2e0fa56368bdd6f757.png
25-Nov-20 02:07:09 - Classifying image 7e36eb65f53d246b7f3a68f9864a67df2ba17a23.png
25-Nov-20 02:07:09 - Classifying image 3ce731ee920b2dabdd80b71306b64729d95d0fbe.png
25-Nov-20 02:07:09 - Classifying image 4fc9f181aa8b4ce09af7cce4a0cd64726db6ec95.png
25-Nov-20 02:07:10 - Classifying image 153696ecaf4c1240e01d62addfded6157597ac12.png
25-Nov-20 02:07:10 - Classifying image 7eefe07dc3f53997da291d31cba702dcc6bd4a34.png
25-Nov-20 02:07:10 - Classifying image 8bd37bbf3b6222891b30010c3ccfe957b26a27d5.png
25-Nov-20 02:07:10 - Classifying image 84c2ab5d53e1f7bef08e67929fba13194dd9ae6c.png
25-Nov-20 02:07:10 - Classifying image edec9aae97f2039c21db2b1d5fe7e77ada0f8f56.png
25-Nov-20 02:07:10 - Classifying image e85ef7acfc13a66ab0d7da81884b799085d970e6.png
25-Nov-20 02:07:10 - Classifying image edd0886461e51a02760b72bea36d5dfee9b060dc.png
25-Nov-20 02:07:10 - Classifying image 6f5f33ea04ec74bb6d43c65c47e0ff17b3e811a8.png
25-Nov-20 02:07:10 - Classifying image dffde32d77e4501650983ec10f2167ca5ae1af3b.png
25-Nov-20 02:07:10 - Classifying image 9e3b63f4bdc342f9262ab14f049dca9f38f1db57.png
25-Nov-20 02:07:10 - Classifying image f11c7454aa097f9a9aced480c3488af66fab53e5.png
25-Nov-20 02:07:11 - Classifying image b0e1d7c2578997c2218767f9203bf0753d3072dc.png
25-Nov-20 02:07:11 - Classifying image 200e8158197da6146e791d6d7608a78d9bca3c72.png
25-Nov-20 02:07:11 - Classifying image 991ef00bcd1e8ebb5d9d4f38a4fd65b81404ad3f.png
25-Nov-20 02:07:11 - Classifying image 9862c5636212a6164858f9294eb8becd639ccefe.png
25-Nov-20 02:07:11 - Classifying image 9d93e7535b989fdd76193515df3441e31ac8b5e3.png
25-Nov-20 02:07:11 - Classifying image 7a51bebb6506c7756d3f04a15c856a0a62becd01.png
25-Nov-20 02:07:11 - Classifying image 859e17c28ffe6ddf4548a3b0ca248488f8d28a0b.png
25-Nov-20 02:07:11 - Classifying image 0d8f6b025c6ca76fea4f394076c75b53300fc2d8.png
25-Nov-20 02:07:11 - Classifying image c0a1366985ef810c3ede85594090309a4f2b2e6b.png
25-Nov-20 02:07:11 - Classifying image 129d391ba57cb4d7d57e4ec49e6ad0dbf2a48dac.png
25-Nov-20 02:07:12 - Classifying image 70c31f1ee5d685d8111f2814c40f03c6fa75dfb7.png
25-Nov-20 02:07:12 - Classifying image b863908f676388c64bdd5602fcb904ce5269cd51.png
25-Nov-20 02:07:12 - Classifying image 0a162834f258992b6900f4824af022c290e90ae1.png
25-Nov-20 02:07:12 - Classifying image 3f69eefb0f6a987de368279fadffe64f9935d21b.png
25-Nov-20 02:07:12 - Classifying image b073fcaf64c59c1b203fef9809d8186252481d2f.png
25-Nov-20 02:07:12 - Classifying image 4391037d1cdda5f6d884ba1c6e8ae82db7617fcc.png
25-Nov-20 02:07:12 - Classifying image 7e4bc5d042b1fbf584ccb6a765732af872ca017e.png
25-Nov-20 02:07:12 - Classifying image 7f1b6d39a5c9d0f8ccdb3decfdf1d24ca19f1fcb.png
25-Nov-20 02:07:12 - Classifying image a349463321ac87431890dfe9cbcfa713669dbe7c.png
25-Nov-20 02:07:12 - Classifying image f4e7aa4aff6c6fc4052b777abe66082c56d2727c.png
25-Nov-20 02:07:13 - Classifying image c14c274e264ba2e45af702ae0103da0806000ffb.png
25-Nov-20 02:07:13 - Classifying image 834633a6da5c34b7f3c998cf0ba155990bb2857e.png
25-Nov-20 02:07:13 - Classifying image 1d18aee5aa42da8263b33fbfc072da3ad9def7d6.png
25-Nov-20 02:07:13 - Classifying image 1cc50d2afc5ca456b14222853933f29de2db048a.png
25-Nov-20 02:07:13 - Classifying image 40385f8fcf38cf0c0549efa00fce5a39624f0041.png
25-Nov-20 02:07:13 - Classifying image 4296fb2fca19b5e2b27f4bd05e3e7d866b81db06.png
25-Nov-20 02:07:13 - Classifying image a93976bd15fd1b3bc7f0dda1ec9d7561733d42ca.png
25-Nov-20 02:07:13 - Classifying image 644aa1ab12cb6bbeb568d1e558e57c1845d77cd4.png
25-Nov-20 02:07:13 - Classifying image e3d42a0783b2bada0231fbab7f073d98c58a69df.png
25-Nov-20 02:07:13 - Classifying image eb93a29d0c7fa79749c24606ad5c064a5809f808.png
25-Nov-20 02:07:14 - Classifying image a917005bfda5d29e148c98b21601d69e78836011.png
25-Nov-20 02:07:14 - Classifying image 7a954d84a4f765db8639bb271bcecac7541beefd.png
25-Nov-20 02:07:14 - Classifying image edfaf5c5533f5474f20bf228dee929e8c299871a.png
25-Nov-20 02:07:14 - Classifying image 7e9391fc75d6a4e1dc0ef0f010d7431e769c889e.png
25-Nov-20 02:07:14 - Classifying image 93783d93433728dd913e4abab84bd3ec1043dfe3.png
25-Nov-20 02:07:14 - Classifying image b44c033336ce3c53166a27bcb3a79ef35e4b76a4.png
25-Nov-20 02:07:14 - Classifying image d741567d06473bfb09965c15e9a2644c558ac8a8.png
25-Nov-20 02:07:14 - Classifying image 33ecdbf819dbf8d50e8290e6d530920a6e6d3246.png
25-Nov-20 02:07:14 - Classifying image 9c9c53a93b9106c28a319a484e2016477bd1cfda.png
25-Nov-20 02:07:14 - Classifying image d54675abd228d055a815355e07a66f3e1352c4cf.png
25-Nov-20 02:07:14 - Classifying image b1b9f1be7bc6991ecd74d5ba1184e07c646d0d48.png
25-Nov-20 02:07:15 - Classifying image fb36896897a1b9d8ff4b9b441b9ac5ee36ac236e.png
25-Nov-20 02:07:15 - Classifying image 077c79b8ce739e633705c3f99ede3abdd5e444e4.png
25-Nov-20 02:07:15 - Classifying image e593cf4b689baed8ac0cdf01899e6cb20ccbd6fc.png
25-Nov-20 02:07:15 - Classifying image 52d4a7f31ecc2ecde9eae17e192e067fc9901ce8.png
25-Nov-20 02:07:15 - Classifying image 7ad6795c4f9348a8fc7366a055b5775eae057886.png
25-Nov-20 02:07:15 - Classifying image 6b17d68befd987744c12aa2150bda42114469c9b.png
25-Nov-20 02:07:15 - Classifying image 999096e2bca95e617be469dae9f48c6c93d793f4.png
25-Nov-20 02:07:15 - Classifying image b4a29d543ea3f615be3a439529e53bdbf106a37b.png
25-Nov-20 02:07:15 - Classifying image 7573aa4e572d7f31bffefecab27fe37f7c0f7fb3.png
25-Nov-20 02:07:15 - Classifying image 946bba245ec4b1e9564ae6588e2f7d9a8ae6bf7c.png
25-Nov-20 02:07:16 - Classifying image f59f3fca2a483eb844fe01e21319b77f6e852098.png
25-Nov-20 02:07:16 - Classifying image ada35a3538d8951b537f2aea667a3911b42fee98.png
25-Nov-20 02:07:16 - Classifying image 2bd8f0b8533578cefa0eb043f83ec72aca12e901.png
25-Nov-20 02:07:16 - Classifying image 104c8136595d4237245cf1be54b0ee34d2163e1a.png
25-Nov-20 02:07:16 - Classifying image 9ed43372e45d56f2d59479b5be6213e21a9a6dad.png
25-Nov-20 02:07:16 - Classifying image 93b739291e39205d357bde87ba856a5bab0aaebf.png
25-Nov-20 02:07:16 - Classifying image b106332b2e7bbfadda41bbaa9a4c9cc795594ac7.png
25-Nov-20 02:07:16 - Classifying image 4a910af35a009e18cd5357b0a3172e5feaae56c8.png
25-Nov-20 02:07:16 - Classifying image 0b3a02e2c69eb510e94e125826264cbddb59d4ad.png
25-Nov-20 02:07:16 - Classifying image b04d8213c3a9c962797757ac05b5ba479969bf28.png
25-Nov-20 02:07:17 - Classifying image 9d0d7b1634f1f2da855d75f338a4489cfef6ff18.png
25-Nov-20 02:07:17 - Classifying image 685b8ca52b18e42916165bbacb0fd360525d83b9.png
25-Nov-20 02:07:17 - Classifying image b1aaab459735395d28aff07ba357e6d3c881b5c7.png
25-Nov-20 02:07:17 - Classifying image 1f6ebff274e31014f65378e76cb8f9c1ec751eb2.png
25-Nov-20 02:07:17 - Classifying image 1207c2536ebab8c81ee2c28a95de3993d7a2e545.png
25-Nov-20 02:07:17 - Classifying image 1e81b32a0776ea1551913066bcc65672abd2a828.png
25-Nov-20 02:07:17 - Classifying image 0999b5ac629439a23d184974c8392df695559e85.png
25-Nov-20 02:07:17 - Classifying image 1e0ab32151cd0ff87b06f7cfe51b9630e6e947c0.png
25-Nov-20 02:07:17 - Classifying image 251ab31c54675720469993c956a8c674781d5327.png
25-Nov-20 02:07:17 - Classifying image d2b14887e291a9e08d7bda422c57d0ce2dcde1da.png
25-Nov-20 02:07:18 - Classifying image d88dfb8f39c9495ad34eda553f9f0bf323ea0fb7.png
25-Nov-20 02:07:18 - Classifying image 1b6f8cb7def5b3e19b26f9868ff39f5411a03471.png
25-Nov-20 02:07:18 - Classifying image 2f004fe8f51425db436cf2566814da51162182c4.png
25-Nov-20 02:07:18 - Classifying image ebc6eb112560f92ddd7764c369750d4c3939fcd6.png
25-Nov-20 02:07:18 - Classifying image ef9f2130461cc0db44c245e9b115107fea0ae3c1.png
25-Nov-20 02:07:18 - Classifying image c0c09b529b123a8919039430ce283da1062eeb1e.png
25-Nov-20 02:07:18 - Classifying image ca8e6377f4edb1f42f624067ba2e23c9d02d6c9b.png
25-Nov-20 02:07:18 - Classifying image 06767f69c67c7360248488f82ff6be43e58a0eb5.png
25-Nov-20 02:07:18 - Classifying image f57fdc5ce6a1d2decad1254b0d81020b11432f63.png
25-Nov-20 02:07:18 - Classifying image 135c45b7c4b7caa762e98c2e12421fb3763c8dcf.png
25-Nov-20 02:07:18 - Classifying image 2f1ebceb916301cbb0833aa8c36f7869ba34b471.png
25-Nov-20 02:07:19 - Classifying image dc4563dde98ba5d0cdf83a5d5e2751ac34ce2b6c.png
25-Nov-20 02:07:19 - Classifying image d9ec55e0410f47a61cc336a71fe091468aeefcbb.png
25-Nov-20 02:07:19 - Classifying image fe819aed11aa5afe4dd16320bdb6307d033c0379.png
25-Nov-20 02:07:19 - Classifying image 19d173aa09898e83fc4ec8ffc0345a458735e3ed.png
25-Nov-20 02:07:19 - Classifying image dbf1b32484af34a334427393985d7dd2c3377dc2.png
25-Nov-20 02:07:19 - Classifying image 0d77e795342dcd89e4fbcc1a10e5b6300cd6d6ee.png
25-Nov-20 02:07:19 - Classifying image 3e8fce5b5e2c1ef72b633e20173c26a8e8e0ca37.png
25-Nov-20 02:07:19 - Classifying image eb2fdc3468e1733cfe2baf5370f6cc9cd2faaa99.png
25-Nov-20 02:07:19 - Classifying image 96379a1b1a98311fcbce562e1e2b71cd93d7c9ec.png
25-Nov-20 02:07:19 - Classifying image 1c2aabec590f6c12b391800b6e3f5523871e2895.png
25-Nov-20 02:07:20 - Classifying image 651dfc2404de7392906a92ff9046ae14ce5ad1f0.png
25-Nov-20 02:07:20 - Classifying image 2de4bb3b7e182e6deff85fd2c43f808a56b0aced.png
25-Nov-20 02:07:20 - Classifying image e7fcd2cd4b0bb85e98457003c1bea0c66dce941f.png
25-Nov-20 02:07:20 - Classifying image f1ccecbe3926a496ce65178cff7856d681477db2.png
25-Nov-20 02:07:20 - Classifying image 083e11c8f22a2b0e1bf97cb8b6eb368cc31f1be9.png
25-Nov-20 02:07:20 - Classifying image ef1f8f7215590223b5fd6b57f6f728f8b56c5230.png
25-Nov-20 02:07:20 - Classifying image 241223864426998ae722cd2621da785be549197c.png
25-Nov-20 02:07:20 - Classifying image b2379aa9b6ca6c388e5ad2fbc934e60817bf783a.png
25-Nov-20 02:07:20 - Classifying image b580bed047d4e89a60c6b042db2632ebf9684430.png
25-Nov-20 02:07:20 - Classifying image 02f4cf1286591261ab68e8c936727e433d0c041c.png
25-Nov-20 02:07:21 - Classifying image 6c35af87712d9d965ef43da9517d3a05b02bef39.png
25-Nov-20 02:07:21 - Classifying image d6a196af133961db0eefec782cf93f985e38f9bc.png
25-Nov-20 02:07:21 - Classifying image a3d60771727d946b265eed5eb44a0fe1a0ebf4d0.png
25-Nov-20 02:07:21 - Classifying image c5be0508d1cd6da9154cb470b3cd48787d0dd57c.png
25-Nov-20 02:07:21 - Classifying image 63e43a95448947dde407a9d19ad24651d4d52254.png
25-Nov-20 02:07:21 - Classifying image 23b6cec16202b03776a6277622b04447e8550619.png
25-Nov-20 02:07:21 - Classifying image 32f83d9cbf0e0904f134c1c844f9eaf1763fae66.png
25-Nov-20 02:07:21 - Classifying image b289af5da86b48ea7c71ef655fed35d89b67a1f5.png
25-Nov-20 02:07:21 - Classifying image 012c73077a5a4bc1841c5127621a69bb6530f9d6.png
25-Nov-20 02:07:21 - Classifying image 6c68c44df4460457c098d852b0e2012c4bcc8cb2.png
25-Nov-20 02:07:22 - Classifying image 70cbd1d0a6df751348610b2bc92cba23a8632628.png
25-Nov-20 02:07:22 - Classifying image 8eb071bb3ffdb8259ecf6fefb82340be45586133.png
25-Nov-20 02:07:22 - Classifying image 01423ecf00e0d14454ead8d70c9c35156460ab2f.png
25-Nov-20 02:07:22 - Classifying image a6311aeec2af95a76823b657e783ee5987b55bc9.png
25-Nov-20 02:07:22 - Classifying image 7613d51bfbb600038656de49d52dcaf0e4b877f2.png
25-Nov-20 02:07:22 - Classifying image b92dbab98598d9322ef837e1cb69500960495388.png
25-Nov-20 02:07:22 - Classifying image eef4b309b62fae6b44e9893f7a166d3efc0552ea.png
25-Nov-20 02:07:22 - Classifying image ff65912ee0d11aac5ea977f287bd94705a88a2a8.png
25-Nov-20 02:07:22 - Classifying image 5138be9e086553e4305979d460b76f47a2cc84ca.png
25-Nov-20 02:07:22 - Classifying image d7484adfa9323ef63297da8fd15b4e8a3f8efb11.png
25-Nov-20 02:07:23 - Classifying image 554b1760ebcc90c65e5a8108fef68240f207b314.png
25-Nov-20 02:07:23 - Classifying image fa71549e5b9a7c77da7c181f7d38cbd1cc1a68fa.png
25-Nov-20 02:07:23 - Classifying image 2aa74bbc54ba97a7250eb3d919edb90e1e3b33c2.png
25-Nov-20 02:07:23 - Classifying image b1c34cb8bb0d97898a82a8c704486567ab87fdc4.png
25-Nov-20 02:07:23 - Classifying image ae8e8886dc549b4bb0377b91e08ac1e535e549a2.png
25-Nov-20 02:07:23 - Classifying image fa7f5c5d512b3cc769655807056c8345bc6941cb.png
25-Nov-20 02:07:23 - Classifying image 996111ff8ee98edd8e42fecd1e434a7bd2c985c9.png
25-Nov-20 02:07:23 - Classifying image f4d97c9cea3bf472e5a7f2ddf8827d554daa7eb6.png
25-Nov-20 02:07:23 - Classifying image 9866a3f4f68829c468f90ef4999049d662c63b2b.png
25-Nov-20 02:07:23 - Classifying image 8d20044ccf75beae9e26b6831c47444b798b0da5.png
25-Nov-20 02:07:23 - Classifying image 66e3848f93f0b8911d624e8272f8eff85ebfaa84.png
25-Nov-20 02:07:24 - Classifying image 26d73a6431dbce293b7d97b07c15cc83a89102e0.png
25-Nov-20 02:07:24 - Classifying image 17306be7e69e117a7986549cdb825ff2d454ea99.png
25-Nov-20 02:07:24 - Classifying image bc828a3d7e3679bd7dc9e82356dd3f7e7acd26d0.png
25-Nov-20 02:07:24 - Classifying image 3375dc361a9442327b71946618618d37ca9ddae8.png
25-Nov-20 02:07:24 - Classifying image f81ce597294f86cc1f1ff5814f35963ef2dc6715.png
25-Nov-20 02:07:24 - Classifying image fbb4c870591f23af9c4391a740858700d0a2aa64.png
25-Nov-20 02:07:24 - Classifying image e454c0fb6a06be11dc7c376ce874290940cf0e8a.png
25-Nov-20 02:07:24 - Classifying image 90d2003cc3ce5456a8092629e2f5622a111a436a.png
25-Nov-20 02:07:24 - Classifying image 23be60ec5b35a30043a62bd01a1b0900e265de97.png
25-Nov-20 02:07:24 - Classifying image b6db6b44a765c9afe107451089da02cb5325b0cd.png
25-Nov-20 02:07:25 - Classifying image 6b4581634b60f97085ac26f466db5146c54e6838.png
25-Nov-20 02:07:25 - Classifying image cedadc0313fab3abaa0d4c4e6577b5ee97e7243e.png
25-Nov-20 02:07:25 - Classifying image 78d6bda07d308070aa137642285f6004e940cd6c.png
25-Nov-20 02:07:25 - Classifying image ec6d632b7f4c436e174fba95f9fc55a948a14e9c.png
25-Nov-20 02:07:25 - Classifying image 96222c252a3dba1803f202bc1342b2d83595592e.png
25-Nov-20 02:07:25 - Classifying image 668450d25af58313932d0bb453fa52f5f8b305f1.png
25-Nov-20 02:07:25 - Classifying image 724effb437edacadff403ad9c20860894376017b.png
25-Nov-20 02:07:25 - Classifying image 88a494982b710ae4b338aff0820aecb13444553f.png
25-Nov-20 02:07:25 - Classifying image 521d9f50a911c4820c6eab880f25ac16f44eac90.png
25-Nov-20 02:07:25 - Classifying image 2adff3b365f90dbf43f884557899bf7e6523133c.png
25-Nov-20 02:07:26 - Classifying image 216aec29c7abc4633273c2736e30e3fa1ce56baf.png
25-Nov-20 02:07:26 - Classifying image 079acba4335044cf41f50b4b31cd4bda9f8f288d.png
25-Nov-20 02:07:26 - Classifying image eb783a68e51e162b3a9b5ed7a5d4e614e795052e.png
25-Nov-20 02:07:26 - Classifying image c713459ad219b4e312d9b36e67116dc51ab18434.png
25-Nov-20 02:07:26 - Classifying image b3c9d7d51a72fc1f8a9982993e2b927edbbbd60f.png
25-Nov-20 02:07:26 - Classifying image 3296d7c5e7acb096766cdef68eb08f6efbeb8c4c.png
25-Nov-20 02:07:26 - Classifying image 7f2921ab3457bf202d91da662d27d4d6db316778.png
25-Nov-20 02:07:26 - Classifying image 04f89d749a9bd28c28dc432789e9dbf5971aa143.png
25-Nov-20 02:07:26 - Classifying image ac7c9938a8ce5a7449ac7b820bdc8a00cf5dba26.png
25-Nov-20 02:07:26 - Classifying image ecd13c8f8f2d7dd34e634b616c28a21fd779bd22.png
25-Nov-20 02:07:26 - Classifying image 58c5026f3d00d201d75ac41ba23d8b707c56dfb7.png
25-Nov-20 02:07:27 - Classifying image a880dfffc5eb26be3507ab38c80a483f3814e633.png
25-Nov-20 02:07:27 - Classifying image 13d7bb8c968750cda2a1171af7037609b5030436.png
25-Nov-20 02:07:27 - Classifying image 16f23ee2aea5f6b05a4a9ef3e5775b42b71c8e60.png
25-Nov-20 02:07:27 - Classifying image 085cd0ec2a3a05f545dbd556f8a452c0d5ee2261.png
25-Nov-20 02:07:27 - Classifying image 35a7952363c3146bd9336dcb81c0bf54b014f7ce.png
25-Nov-20 02:07:27 - Classifying image 428f5f36b749f09f2d3e11d5485fb1357bfdfca4.png
25-Nov-20 02:07:27 - Classifying image 79f3cce0bdf872d4c8a76189f2ce2185592986d3.png
25-Nov-20 02:07:27 - Classifying image eeac353ccd55f0b1da32d9c5b29015733e335630.png
25-Nov-20 02:07:27 - Classifying image ab239978df0bcbff689bf685aacf6075239a5660.png
25-Nov-20 02:07:27 - Classifying image 20d35da7ace2227b8c1a67c2008a4c3e4ffe6d7f.png
25-Nov-20 02:07:28 - Classifying image d92bb608b7c4a6f56c8a00666c7b5a5e1af05244.png
25-Nov-20 02:07:28 - Classifying image 7a8d1a6460e78f7899779865bf0e8186591652aa.png
25-Nov-20 02:07:28 - Classifying image bdad53c880eb1a6d639937d04c5978b81408edc7.png
25-Nov-20 02:07:28 - Classifying image fb63301e570558c4291d584c1b6322a427498ad2.png
25-Nov-20 02:07:28 - Classifying image 920ce4f887cf2dab117d4aa375f78df469adb880.png
25-Nov-20 02:07:28 - Classifying image 8e5ffc0085520e7c0e975d85f93f218a1439a165.png
25-Nov-20 02:07:28 - Classifying image 989d3935b947cf935063e079860ec959ab28a09d.png
25-Nov-20 02:07:28 - Classifying image 419490a35c49f41838a42d968e7ad325edf995c6.png
25-Nov-20 02:07:28 - Classifying image 96f79a95798ab2a773821a180b0cc29d726ffa3c.png
25-Nov-20 02:07:28 - Classifying image cf2d0e99dff6e1dea841da6f48dbb2110643569f.png
25-Nov-20 02:07:29 - Classifying image 4d08f7014399b1c70b13596c050fcadab4cfc045.png
25-Nov-20 02:07:29 - Classifying image 79361875b96e0a29b4c6881e5b283e8aee5eac58.png
25-Nov-20 02:07:29 - Classifying image c288a8d2cca853fab0ecb2cc49384ba99b0d363a.png
25-Nov-20 02:07:29 - Classifying image 7338ef5608cba17a46e41fc0f8320373132812a0.png
25-Nov-20 02:07:29 - Classifying image fc514a60ca1ea742fcd258e11793b155ce800ef7.png
25-Nov-20 02:07:29 - Classifying image 258497bf6a99451e14549e96a6953b07bfe09031.png
25-Nov-20 02:07:29 - Classifying image 4c16a782b081404418b6315d7e0bd00d26848bc2.png
25-Nov-20 02:07:29 - Classifying image ebdbc5c2f84beeee4adea7dc7b2105d7169d357e.png
25-Nov-20 02:07:29 - Classifying image 544a6478a4b1bcec4278d2437cafed0546bc4151.png
25-Nov-20 02:07:29 - Classifying image ff8f1867021ecccd6e5ddcb1a498762736ee36ac.png
25-Nov-20 02:07:30 - Classifying image 6999356e6d36c6f50ff75ba6694250d30d913aee.png
25-Nov-20 02:07:30 - Classifying image 1e324ba4dc98d14c8de34c8a79bc30c29ef3ea5c.png
25-Nov-20 02:07:30 - Classifying image 020f3e270c88bdabea576d8329098708212c3a19.png
25-Nov-20 02:07:30 - Classifying image 1dca8efc9d38edb6f5b046c72b6aa1d5b3340a22.png
25-Nov-20 02:07:30 - Classifying image 442155325eab221a68cefacfa19ac47963b0fcd3.png
25-Nov-20 02:07:30 - Classifying image 78835dbf99dc9bc81b57a4b5a818f775e5f1752f.png
25-Nov-20 02:07:30 - Classifying image b492c20a1682ba7c4b195be8f67625db72b46c5a.png
25-Nov-20 02:07:30 - Classifying image 9793667414538697f171abbb8838a5ddfc712dbb.png
25-Nov-20 02:07:30 - Classifying image edd96a7ad23a9ea1313b4042922fbf020b40891f.png
25-Nov-20 02:07:30 - Classifying image 27a2514824b5e1561c51fdd332d5181ada2d3743.png
25-Nov-20 02:07:31 - Classifying image daf11699d86aedd93ff35f0f8cb2e76e8ee2ea2e.png
25-Nov-20 02:07:31 - Classifying image f289155e77bc0ee449f7417241419e12f387ee87.png
25-Nov-20 02:07:31 - Classifying image aef2ed535f50049f5d8bf5cb34e47ad2015e5d99.png
25-Nov-20 02:07:31 - Classifying image d4d89a645e92ecbcf3c11ef49fd2c705d49cf4a0.png
25-Nov-20 02:07:31 - Classifying image 31e7e08d3266ea4a3b596ea9e1b234394e9a8c6d.png
25-Nov-20 02:07:31 - Classifying image 1e8d87311c8ad27f361e69c4ecc79329bd7440d1.png
25-Nov-20 02:07:31 - Classifying image 27a548391904a56e4f87a2a501fc2f2b994de920.png
25-Nov-20 02:07:31 - Classifying image 0ec9eb0f484197d4d11aec90807fb6125220868b.png
25-Nov-20 02:07:31 - Classifying image 0ff137b06fa67e0e95a49f48b17b6c67221f1a61.png
25-Nov-20 02:07:31 - Classifying image 58d0cfd0e5084e556b169842efb529f257867f58.png
25-Nov-20 02:07:32 - Classifying image fe194cf80053e35b16c93a8a62c22cc68b0e29f0.png
25-Nov-20 02:07:32 - Classifying image b77b764b6ca5a61214723605e2e67e895d74b1e2.png
25-Nov-20 02:07:32 - Classifying image 3f0b73302c937252a7822ca6c3b6b4bc4046508b.png
25-Nov-20 02:07:32 - Classifying image 549cec19d5d1ec0a3e41090dbe98b9c138f138fd.png
25-Nov-20 02:07:32 - Classifying image 3048d707b7c86b44fdbc2ab1cacfa62033a7bbee.png
25-Nov-20 02:07:32 - Classifying image 129b770e41784d2f2ba5f477f9270ec2e47a9e3c.png
25-Nov-20 02:07:32 - Classifying image 0a631e81cd3d4d0519577fae0a871f91cbef7954.png
25-Nov-20 02:07:32 - Classifying image b1c67ab060e4b0f2a2044224e4dd50ed7eb812f2.png
25-Nov-20 02:07:32 - Classifying image 6584ae7874f2dc3efb0f4f579c805499d9202ac6.png
25-Nov-20 02:07:32 - Classifying image 7d147610cddead8a8fd3ac8411e35a595dd17518.png
25-Nov-20 02:07:32 - Classifying image 391c2757aecafb5647fd1db683b7f80bf4dd2c4f.png
25-Nov-20 02:07:33 - Classifying image c92b766a1ab7c32365e36c81450f5dc0171afae9.png
25-Nov-20 02:07:33 - Classifying image 28d528b9d6c73f62d24514a9281dbe0dbc0fe873.png
25-Nov-20 02:07:33 - Classifying image ee1fadcf1ceaa2eca651844ad20248f3030fdb41.png
25-Nov-20 02:07:33 - Classifying image 00ec8107d8c0b19dfac463032a2afb80760e6c8c.png
25-Nov-20 02:07:33 - Classifying image 84c6237d9c0304ad745839bbdbedfcd4c9a57636.png
25-Nov-20 02:07:33 - Classifying image 1f39b6022cb4dec2d8eccbb3ebd344374a0baaea.png
25-Nov-20 02:07:33 - Classifying image 2d1f905561247d5ca8e8c29258a3b3fbab05276c.png
25-Nov-20 02:07:33 - Classifying image 222ab0e1fe90ec12849cee3bb7930f72b27c5abe.png
25-Nov-20 02:07:33 - Classifying image 47277b1d41f04f5129258142632e9f0f2049a390.png
25-Nov-20 02:07:33 - Classifying image 1451c16abef9820c9c0386f23a5cd28562ab7827.png
25-Nov-20 02:07:34 - Classifying image 22a689476a3b86df1b6503b569b23d83321128a6.png
25-Nov-20 02:07:34 - Classifying image 01f1d900d3320ced51c5813b332fcef38446698d.png
25-Nov-20 02:07:34 - Classifying image 6ab7e380d913c4578ba29d9a9e23b75cc21abc46.png
25-Nov-20 02:07:34 - Classifying image 88cad999144784a9e04f6ae64d3e2fb073502dd8.png
25-Nov-20 02:07:34 - Classifying image e49094d82bbd78bf262034cd8871e8fed07a3782.png
25-Nov-20 02:07:34 - Classifying image b9651a2878667b903035231b373208e4320da65d.png
25-Nov-20 02:07:34 - Classifying image f1f6c09edd30da386fda1e6dd98f40533d259bd1.png
25-Nov-20 02:07:34 - Classifying image 677b4bc2136e660533ed833ab38fbc9317afc439.png
25-Nov-20 02:07:34 - Classifying image f0baae965ed9f7f211d7c36d718a8a82ffaea401.png
25-Nov-20 02:07:34 - Classifying image 70335056700ae9c6b208f3a7a7f748e8957f8dae.png
25-Nov-20 02:07:35 - Classifying image b630cef57684b5ce8fee3b4aad3bfa894e34693d.png
25-Nov-20 02:07:35 - Classifying image 2fca3679523c9d950f40c19356f6ffd3f9b40c0c.png
25-Nov-20 02:07:35 - Classifying image 8f4ce8022181979b4e4718f69c041b2ab0693a4a.png
25-Nov-20 02:07:35 - Classifying image e18520fb184f00cc94936b0532cce233036d2364.png
25-Nov-20 02:07:35 - Classifying image c02f5a9ccf01ae180f3054310bab242aaa9fa611.png
25-Nov-20 02:07:35 - Classifying image ccd71604ad127f621bf70cb617a544478ae1ad15.png
25-Nov-20 02:07:35 - Classifying image af782966a335755c769d5289f215d0e629cf5da9.png
25-Nov-20 02:07:35 - Classifying image c8396fc39fb1e80a0063b3dd3c72305112e887bb.png
25-Nov-20 02:07:35 - Classifying image 8b7ee8cc10e1bbecd67b8d04e7a01c6a132b5f95.png
25-Nov-20 02:07:35 - Classifying image 5ee1d9f6b5f6cdfe11c1fe7341d150fccf504167.png
25-Nov-20 02:07:35 - Classifying image 37885392c70755883f3524ea654db2bd688f774d.png
25-Nov-20 02:07:36 - Classifying image 2015172f1b4046d5e66db912db7959ad192f74ea.png
25-Nov-20 02:07:36 - Classifying image 5142c3e83e965f3f5999e2f6b950a519b8ccb36e.png
25-Nov-20 02:07:36 - Classifying image 296b29591ac23f7853d1859c560a572bd682e65a.png
25-Nov-20 02:07:36 - Classifying image 533ad8d0f65e57a4560775567e7ed1f6b573ce4e.png
25-Nov-20 02:07:36 - Classifying image 7214b725cf7bc8e404a182083f04709eb8f94756.png
25-Nov-20 02:07:36 - Classifying image 272eaab1686a42cf0f11b45af44949e749109b7d.png
25-Nov-20 02:07:36 - Classifying image 69a74a1de0d4d3c35fb4180598fc4368ec8bd8ac.png
25-Nov-20 02:07:36 - Classifying image 94ee732358df684e6a4976d0c222fd693b0076fb.png
25-Nov-20 02:07:36 - Classifying image 7f1860074fe8cc0da29c80b048b0d3236760de54.png
25-Nov-20 02:07:36 - Classifying image e746fb79e678e74000adc3f367055cc62768108d.png
25-Nov-20 02:07:37 - Classifying image e66074190d21f5c28900383696cfe0c2f7dc288f.png
25-Nov-20 02:07:37 - Classifying image 4a03bf81f6e3b7825c7854aea308fc1a433dadb4.png
25-Nov-20 02:07:37 - Classifying image ecdc9691b61beb087c31e32544570f27686c8aed.png
25-Nov-20 02:07:37 - Classifying image 8cba0230eb5a19d2bf7a94ca4136ab917a4cc1a3.png
25-Nov-20 02:07:37 - Classifying image 0bcf2b5d3928798c44339b00e77cc019faf5341c.png
25-Nov-20 02:07:37 - Classifying image 6d4bac72a6395be4d3b35331b97da67e1f7b79f3.png
25-Nov-20 02:07:37 - Classifying image 3171230c1f0fae5768950d8f1c70b9f8c53d37ed.png
25-Nov-20 02:07:37 - Classifying image b4cb9c57f78e56b6428319bfbd48e5091ea8eb16.png
25-Nov-20 02:07:37 - Classifying image 0a80ea9244a5537c6cbdd95fc52d76a60aa09a71.png
25-Nov-20 02:07:37 - Classifying image 497a9a92058ddc974797d40c5ef68fe454de2c37.png
25-Nov-20 02:07:38 - Classifying image 53325b86aa58db47a6d0d83fb548945732fbefa2.png
25-Nov-20 02:07:38 - Classifying image 0322236cdc3682c6143fcbfb599462beab5a62c3.png
25-Nov-20 02:07:38 - Classifying image 565b7aa5b00b785d8dd4a358b6c230e9d6721aae.png
25-Nov-20 02:07:38 - Classifying image 25f577d92acf1ec7378e0012a8ccae84bcabd8c1.png
25-Nov-20 02:07:38 - Classifying image 9fc3968eb1b34d1903286123c6cedaadb4e108d1.png
25-Nov-20 02:07:38 - Classifying image c935f8e90ca177a225b5383eef0732abdd3327dd.png
25-Nov-20 02:07:38 - Classifying image 0174844f96ee727e4e80acac23754011b5acec8d.png
25-Nov-20 02:07:38 - Classifying image 131b0fc9d58394a8112479f2c73ca639a07b2c0c.png
25-Nov-20 02:07:38 - Classifying image 2cb3635f148b48c431a528c50fbc8411dc1293ee.png
25-Nov-20 02:07:38 - Classifying image a0a3c6a91dea7b51453fb8242fb9bd6dad0840ec.png
25-Nov-20 02:07:39 - Classifying image c287c5c92dbf9090cc0e9b39e7dcb5aa643dfaea.png
25-Nov-20 02:07:39 - Classifying image f5a6711472c64533deeb9d1814a9bca1bbb32161.png
25-Nov-20 02:07:39 - Classifying image 075f43c8fafe8223ea13364590014aa66db273e7.png
25-Nov-20 02:07:39 - Classifying image 7c6a7c94d0f170d355c951fa5651cc84013a90e5.png
25-Nov-20 02:07:39 - Classifying image 35cc744608300472507a6c1122ba8c86e3163ef0.png
25-Nov-20 02:07:39 - Classifying image 2f1392085ef939e873d419f7c65f21d354b732ee.png
25-Nov-20 02:07:39 - Classifying image 58b3d0bd577190078f09a4adf9f95a09002c4137.png
25-Nov-20 02:07:39 - Classifying image 9f5281e179aad7de86d6f7eac2d3a1c4d7e0efea.png
25-Nov-20 02:07:39 - Classifying image 90d17fe5b0648ab32e4a62ec350d6e9bd964acab.png
25-Nov-20 02:07:39 - Classifying image 25022c7dc09209f3fb31e5f4660fe67d1939e03b.png
25-Nov-20 02:07:40 - Classifying image dab41ab23f875da00fbc89729d9c14d462ec7ec2.png
25-Nov-20 02:07:40 - Classifying image f37945a39944ce03eeacdd38355f1a60415a91e4.png
25-Nov-20 02:07:40 - Classifying image 0c13cb4e30f738ca0fc3bccf8b2e81e4577bfa91.png
25-Nov-20 02:07:40 - Classifying image 86f0b55276e2672fb86b72ae74d4cabeeb8682c6.png
25-Nov-20 02:07:40 - Classifying image 30e6d3449f1e32766e948e6d4a5e695873088907.png
25-Nov-20 02:07:40 - Classifying image 56ec5d24ecb6f0f44f6478f7b08548e929b1e50b.png
25-Nov-20 02:07:40 - Classifying image 4e3849d037634a66a458c7c8098cb6d4961c3134.png
25-Nov-20 02:07:40 - Classifying image 8f16b8f32e4b4ddf5bdb62e9dad25c8552e3f9a9.png
25-Nov-20 02:07:40 - Classifying image 72145e6862f30425bfce85b9998ed3c2502a1c5c.png
25-Nov-20 02:07:40 - Classifying image ff0c0057cd5675454205b40d9c3f4f991c9c6406.png
